ARM GAS  /tmp/ccDFtfkD.s 			page 1


   1              		.cpu cortex-m3
   2              		.eabi_attribute 20, 1
   3              		.eabi_attribute 21, 1
   4              		.eabi_attribute 23, 3
   5              		.eabi_attribute 24, 1
   6              		.eabi_attribute 25, 1
   7              		.eabi_attribute 26, 1
   8              		.eabi_attribute 30, 2
   9              		.eabi_attribute 34, 1
  10              		.eabi_attribute 18, 4
  11              		.file	"osal.c"
  12              		.file 1 "/usr/lib/gcc/arm-none-eabi/8.2.0/include/stddef.h"
  13              		.file 2 "/usr/arm-none-eabi/include/machine/_default_types.h"
  14              		.file 3 "/usr/arm-none-eabi/include/sys/_stdint.h"
  15              		.file 4 "./ChibiOS/os/common/ports/ARMCMx/compilers/GCC/chtypes.h"
  16              		.file 5 "./ChibiOS/os/rt/include/chsystypes.h"
  17              		.file 6 "./ChibiOS/os/rt/include/chschd.h"
  18              		.file 7 "./ChibiOS/os/rt/include/chtime.h"
  19              		.file 8 "./ChibiOS/os/common/ext/ARM/CMSIS/Core/Include/core_cm3.h"
  20              		.file 9 "./ChibiOS/os/common/ext/ST/STM32F1xx/system_stm32f1xx.h"
  21              		.file 10 "./ChibiOS/os/common/ports/ARMCMx/chcore.h"
  22              		.file 11 "./ChibiOS/os/common/ports/ARMCMx/chcore_v7m.h"
  23              		.file 12 "./ChibiOS/os/rt/include/chsem.h"
  24              		.file 13 "./ChibiOS/os/rt/include/chmtx.h"
  25              		.file 14 "./ChibiOS/os/rt/include/chsys.h"
  26              		.file 15 "./ChibiOS/os/rt/include/chregistry.h"
  27              		.file 16 "./ChibiOS/os/lib/include/chmemcore.h"
  28              		.file 17 "./ChibiOS/os/lib/include/chmempools.h"
  29              		.file 18 "./ChibiOS/os/lib/include/chfactory.h"
  30              		.section	.gnu.debuglto_.debug_info,"",%progbits
  31              	.Ldebug_info0:
  32              		.hidden	osal.c.dc74f7ac
  33              		.weak	osal.c.dc74f7ac
  34              	osal.c.dc74f7ac:
  35 0000 060A0000 		.4byte	0xa06
  36 0004 0400     		.2byte	0x4
  37 0006 00000000 		.4byte	.Ldebug_abbrev0
  38 000a 04       		.byte	0x4
  39 000b 01       		.uleb128 0x1
  40 000c B8010000 		.4byte	.LASF142
  41 0010 0C       		.byte	0xc
  42 0011 00040000 		.4byte	.LASF143
  43 0015 0B050000 		.4byte	.LASF144
  44 0019 00000000 		.4byte	.Ldebug_line0
  45 001d 02       		.uleb128 0x2
  46 001e 04       		.byte	0x4
  47 001f 05       		.byte	0x5
  48 0020 696E7400 		.ascii	"int\000"
  49 0024 03       		.uleb128 0x3
  50 0025 D8020000 		.4byte	.LASF4
  51 0029 01       		.byte	0x1
  52 002a D8       		.byte	0xd8
  53 002b 17       		.byte	0x17
  54 002c 30000000 		.4byte	0x30
  55 0030 04       		.uleb128 0x4
  56 0031 04       		.byte	0x4
  57 0032 07       		.byte	0x7
ARM GAS  /tmp/ccDFtfkD.s 			page 2


  58 0033 7E000000 		.4byte	.LASF0
  59 0037 04       		.uleb128 0x4
  60 0038 08       		.byte	0x8
  61 0039 05       		.byte	0x5
  62 003a DE030000 		.4byte	.LASF1
  63 003e 04       		.uleb128 0x4
  64 003f 08       		.byte	0x8
  65 0040 04       		.byte	0x4
  66 0041 76040000 		.4byte	.LASF2
  67 0045 04       		.uleb128 0x4
  68 0046 01       		.byte	0x1
  69 0047 06       		.byte	0x6
  70 0048 26060000 		.4byte	.LASF3
  71 004c 03       		.uleb128 0x3
  72 004d 37050000 		.4byte	.LASF5
  73 0051 02       		.byte	0x2
  74 0052 2B       		.byte	0x2b
  75 0053 18       		.byte	0x18
  76 0054 58000000 		.4byte	0x58
  77 0058 04       		.uleb128 0x4
  78 0059 01       		.byte	0x1
  79 005a 08       		.byte	0x8
  80 005b B4050000 		.4byte	.LASF6
  81 005f 04       		.uleb128 0x4
  82 0060 02       		.byte	0x2
  83 0061 05       		.byte	0x5
  84 0062 A9040000 		.4byte	.LASF7
  85 0066 03       		.uleb128 0x3
  86 0067 68020000 		.4byte	.LASF8
  87 006b 02       		.byte	0x2
  88 006c 39       		.byte	0x39
  89 006d 19       		.byte	0x19
  90 006e 72000000 		.4byte	0x72
  91 0072 04       		.uleb128 0x4
  92 0073 02       		.byte	0x2
  93 0074 07       		.byte	0x7
  94 0075 38060000 		.4byte	.LASF9
  95 0079 03       		.uleb128 0x3
  96 007a B0000000 		.4byte	.LASF10
  97 007e 02       		.byte	0x2
  98 007f 4D       		.byte	0x4d
  99 0080 18       		.byte	0x18
 100 0081 85000000 		.4byte	0x85
 101 0085 04       		.uleb128 0x4
 102 0086 04       		.byte	0x4
 103 0087 05       		.byte	0x5
 104 0088 B3040000 		.4byte	.LASF11
 105 008c 03       		.uleb128 0x3
 106 008d C2050000 		.4byte	.LASF12
 107 0091 02       		.byte	0x2
 108 0092 4F       		.byte	0x4f
 109 0093 19       		.byte	0x19
 110 0094 98000000 		.4byte	0x98
 111 0098 04       		.uleb128 0x4
 112 0099 04       		.byte	0x4
 113 009a 07       		.byte	0x7
 114 009b 72050000 		.4byte	.LASF13
ARM GAS  /tmp/ccDFtfkD.s 			page 3


 115 009f 03       		.uleb128 0x3
 116 00a0 13030000 		.4byte	.LASF14
 117 00a4 02       		.byte	0x2
 118 00a5 69       		.byte	0x69
 119 00a6 19       		.byte	0x19
 120 00a7 AB000000 		.4byte	0xab
 121 00ab 04       		.uleb128 0x4
 122 00ac 08       		.byte	0x8
 123 00ad 07       		.byte	0x7
 124 00ae A1010000 		.4byte	.LASF15
 125 00b2 03       		.uleb128 0x3
 126 00b3 90030000 		.4byte	.LASF16
 127 00b7 03       		.byte	0x3
 128 00b8 18       		.byte	0x18
 129 00b9 13       		.byte	0x13
 130 00ba 4C000000 		.4byte	0x4c
 131 00be 05       		.uleb128 0x5
 132 00bf B2000000 		.4byte	0xb2
 133 00c3 03       		.uleb128 0x3
 134 00c4 82040000 		.4byte	.LASF17
 135 00c8 03       		.byte	0x3
 136 00c9 24       		.byte	0x24
 137 00ca 14       		.byte	0x14
 138 00cb 66000000 		.4byte	0x66
 139 00cf 03       		.uleb128 0x3
 140 00d0 97050000 		.4byte	.LASF18
 141 00d4 03       		.byte	0x3
 142 00d5 2C       		.byte	0x2c
 143 00d6 13       		.byte	0x13
 144 00d7 79000000 		.4byte	0x79
 145 00db 06       		.uleb128 0x6
 146 00dc CF000000 		.4byte	0xcf
 147 00e0 03       		.uleb128 0x3
 148 00e1 49010000 		.4byte	.LASF19
 149 00e5 03       		.byte	0x3
 150 00e6 30       		.byte	0x30
 151 00e7 14       		.byte	0x14
 152 00e8 8C000000 		.4byte	0x8c
 153 00ec 03       		.uleb128 0x3
 154 00ed FC040000 		.4byte	.LASF20
 155 00f1 03       		.byte	0x3
 156 00f2 3C       		.byte	0x3c
 157 00f3 14       		.byte	0x14
 158 00f4 9F000000 		.4byte	0x9f
 159 00f8 03       		.uleb128 0x3
 160 00f9 5C040000 		.4byte	.LASF21
 161 00fd 04       		.byte	0x4
 162 00fe 2A       		.byte	0x2a
 163 00ff 1D       		.byte	0x1d
 164 0100 B2000000 		.4byte	0xb2
 165 0104 03       		.uleb128 0x3
 166 0105 87030000 		.4byte	.LASF22
 167 0109 04       		.byte	0x4
 168 010a 2B       		.byte	0x2b
 169 010b 1D       		.byte	0x1d
 170 010c B2000000 		.4byte	0xb2
 171 0110 03       		.uleb128 0x3
ARM GAS  /tmp/ccDFtfkD.s 			page 4


 172 0111 6A050000 		.4byte	.LASF23
 173 0115 04       		.byte	0x4
 174 0116 2C       		.byte	0x2c
 175 0117 1D       		.byte	0x1d
 176 0118 B2000000 		.4byte	0xb2
 177 011c 03       		.uleb128 0x3
 178 011d 7E010000 		.4byte	.LASF24
 179 0121 04       		.byte	0x4
 180 0122 2E       		.byte	0x2e
 181 0123 1D       		.byte	0x1d
 182 0124 E0000000 		.4byte	0xe0
 183 0128 03       		.uleb128 0x3
 184 0129 F1030000 		.4byte	.LASF25
 185 012d 04       		.byte	0x4
 186 012e 2F       		.byte	0x2f
 187 012f 1D       		.byte	0x1d
 188 0130 CF000000 		.4byte	0xcf
 189 0134 03       		.uleb128 0x3
 190 0135 5A010000 		.4byte	.LASF26
 191 0139 04       		.byte	0x4
 192 013a 31       		.byte	0x31
 193 013b 1D       		.byte	0x1d
 194 013c E0000000 		.4byte	0xe0
 195 0140 03       		.uleb128 0x3
 196 0141 73020000 		.4byte	.LASF27
 197 0145 04       		.byte	0x4
 198 0146 33       		.byte	0x33
 199 0147 1D       		.byte	0x1d
 200 0148 CF000000 		.4byte	0xcf
 201 014c 03       		.uleb128 0x3
 202 014d 64040000 		.4byte	.LASF28
 203 0151 04       		.byte	0x4
 204 0152 34       		.byte	0x34
 205 0153 1D       		.byte	0x1d
 206 0154 E0000000 		.4byte	0xe0
 207 0158 03       		.uleb128 0x3
 208 0159 BB020000 		.4byte	.LASF29
 209 015d 05       		.byte	0x5
 210 015e 34       		.byte	0x34
 211 015f 1A       		.byte	0x1a
 212 0160 64010000 		.4byte	0x164
 213 0164 07       		.uleb128 0x7
 214 0165 B0030000 		.4byte	.LASF47
 215 0169 44       		.byte	0x44
 216 016a 06       		.byte	0x6
 217 016b 8E       		.byte	0x8e
 218 016c 08       		.byte	0x8
 219 016d 54020000 		.4byte	0x254
 220 0171 08       		.uleb128 0x8
 221 0172 91050000 		.4byte	.LASF30
 222 0176 06       		.byte	0x6
 223 0177 8F       		.byte	0x8f
 224 0178 19       		.byte	0x19
 225 0179 8D020000 		.4byte	0x28d
 226 017d 00       		.byte	0
 227 017e 08       		.uleb128 0x8
 228 017f 48030000 		.4byte	.LASF31
ARM GAS  /tmp/ccDFtfkD.s 			page 5


 229 0183 06       		.byte	0x6
 230 0184 90       		.byte	0x90
 231 0185 19       		.byte	0x19
 232 0186 1C010000 		.4byte	0x11c
 233 018a 08       		.byte	0x8
 234 018b 09       		.uleb128 0x9
 235 018c 63747800 		.ascii	"ctx\000"
 236 0190 06       		.byte	0x6
 237 0191 91       		.byte	0x91
 238 0192 19       		.byte	0x19
 239 0193 0A050000 		.4byte	0x50a
 240 0197 0C       		.byte	0xc
 241 0198 08       		.uleb128 0x8
 242 0199 AE050000 		.4byte	.LASF32
 243 019d 06       		.byte	0x6
 244 019e 93       		.byte	0x93
 245 019f 1A       		.byte	0x1a
 246 01a0 60020000 		.4byte	0x260
 247 01a4 10       		.byte	0x10
 248 01a5 08       		.uleb128 0x8
 249 01a6 8D060000 		.4byte	.LASF33
 250 01aa 06       		.byte	0x6
 251 01ab 94       		.byte	0x94
 252 01ac 1A       		.byte	0x1a
 253 01ad 60020000 		.4byte	0x260
 254 01b1 14       		.byte	0x14
 255 01b2 08       		.uleb128 0x8
 256 01b3 4E050000 		.4byte	.LASF34
 257 01b7 06       		.byte	0x6
 258 01b8 9B       		.byte	0x9b
 259 01b9 1A       		.byte	0x1a
 260 01ba 8A060000 		.4byte	0x68a
 261 01be 18       		.byte	0x18
 262 01bf 08       		.uleb128 0x8
 263 01c0 6E030000 		.4byte	.LASF35
 264 01c4 06       		.byte	0x6
 265 01c5 A4       		.byte	0xa4
 266 01c6 1A       		.byte	0x1a
 267 01c7 A1060000 		.4byte	0x6a1
 268 01cb 1C       		.byte	0x1c
 269 01cc 08       		.uleb128 0x8
 270 01cd 02060000 		.4byte	.LASF36
 271 01d1 06       		.byte	0x6
 272 01d2 A9       		.byte	0xa9
 273 01d3 19       		.byte	0x19
 274 01d4 04010000 		.4byte	0x104
 275 01d8 20       		.byte	0x20
 276 01d9 08       		.uleb128 0x8
 277 01da 5C000000 		.4byte	.LASF37
 278 01de 06       		.byte	0x6
 279 01df AD       		.byte	0xad
 280 01e0 19       		.byte	0x19
 281 01e1 F8000000 		.4byte	0xf8
 282 01e5 21       		.byte	0x21
 283 01e6 08       		.uleb128 0x8
 284 01e7 BA000000 		.4byte	.LASF38
 285 01eb 06       		.byte	0x6
ARM GAS  /tmp/ccDFtfkD.s 			page 6


 286 01ec B2       		.byte	0xb2
 287 01ed 19       		.byte	0x19
 288 01ee 10010000 		.4byte	0x110
 289 01f2 22       		.byte	0x22
 290 01f3 0A       		.uleb128 0xa
 291 01f4 7500     		.ascii	"u\000"
 292 01f6 06       		.byte	0x6
 293 01f7 0301     		.2byte	0x103
 294 01f9 19       		.byte	0x19
 295 01fa B0050000 		.4byte	0x5b0
 296 01fe 24       		.byte	0x24
 297 01ff 0B       		.uleb128 0xb
 298 0200 CD050000 		.4byte	.LASF39
 299 0204 06       		.byte	0x6
 300 0205 0801     		.2byte	0x108
 301 0207 19       		.byte	0x19
 302 0208 66020000 		.4byte	0x266
 303 020c 28       		.byte	0x28
 304 020d 0B       		.uleb128 0xb
 305 020e A7030000 		.4byte	.LASF40
 306 0212 06       		.byte	0x6
 307 0213 0E01     		.2byte	0x10e
 308 0215 19       		.byte	0x19
 309 0216 8D020000 		.4byte	0x28d
 310 021a 2C       		.byte	0x2c
 311 021b 0B       		.uleb128 0xb
 312 021c 75000000 		.4byte	.LASF41
 313 0220 06       		.byte	0x6
 314 0221 1401     		.2byte	0x114
 315 0223 19       		.byte	0x19
 316 0224 34010000 		.4byte	0x134
 317 0228 34       		.byte	0x34
 318 0229 0B       		.uleb128 0xb
 319 022a 9C020000 		.4byte	.LASF42
 320 022e 06       		.byte	0x6
 321 022f 1B01     		.2byte	0x11b
 322 0231 1A       		.byte	0x1a
 323 0232 84060000 		.4byte	0x684
 324 0236 38       		.byte	0x38
 325 0237 0B       		.uleb128 0xb
 326 0238 6C000000 		.4byte	.LASF43
 327 023c 06       		.byte	0x6
 328 023d 1F01     		.2byte	0x11f
 329 023f 19       		.byte	0x19
 330 0240 1C010000 		.4byte	0x11c
 331 0244 3C       		.byte	0x3c
 332 0245 0B       		.uleb128 0xb
 333 0246 AD060000 		.4byte	.LASF44
 334 024a 06       		.byte	0x6
 335 024b 2601     		.2byte	0x126
 336 024d 1A       		.byte	0x1a
 337 024e 4D030000 		.4byte	0x34d
 338 0252 40       		.byte	0x40
 339 0253 00       		.byte	0
 340 0254 03       		.uleb128 0x3
 341 0255 5B030000 		.4byte	.LASF45
 342 0259 05       		.byte	0x5
ARM GAS  /tmp/ccDFtfkD.s 			page 7


 343 025a 39       		.byte	0x39
 344 025b 14       		.byte	0x14
 345 025c 60020000 		.4byte	0x260
 346 0260 0C       		.uleb128 0xc
 347 0261 04       		.byte	0x4
 348 0262 58010000 		.4byte	0x158
 349 0266 03       		.uleb128 0x3
 350 0267 98000000 		.4byte	.LASF46
 351 026b 05       		.byte	0x5
 352 026c 3E       		.byte	0x3e
 353 026d 20       		.byte	0x20
 354 026e 72020000 		.4byte	0x272
 355 0272 07       		.uleb128 0x7
 356 0273 00000000 		.4byte	.LASF48
 357 0277 04       		.byte	0x4
 358 0278 06       		.byte	0x6
 359 0279 7C       		.byte	0x7c
 360 027a 08       		.byte	0x8
 361 027b 8D020000 		.4byte	0x28d
 362 027f 08       		.uleb128 0x8
 363 0280 8B000000 		.4byte	.LASF49
 364 0284 06       		.byte	0x6
 365 0285 7D       		.byte	0x7d
 366 0286 1A       		.byte	0x1a
 367 0287 60020000 		.4byte	0x260
 368 028b 00       		.byte	0
 369 028c 00       		.byte	0
 370 028d 03       		.uleb128 0x3
 371 028e 8C020000 		.4byte	.LASF50
 372 0292 05       		.byte	0x5
 373 0293 45       		.byte	0x45
 374 0294 21       		.byte	0x21
 375 0295 99020000 		.4byte	0x299
 376 0299 07       		.uleb128 0x7
 377 029a 02010000 		.4byte	.LASF51
 378 029e 08       		.byte	0x8
 379 029f 06       		.byte	0x6
 380 02a0 83       		.byte	0x83
 381 02a1 08       		.byte	0x8
 382 02a2 C1020000 		.4byte	0x2c1
 383 02a6 08       		.uleb128 0x8
 384 02a7 8B000000 		.4byte	.LASF49
 385 02ab 06       		.byte	0x6
 386 02ac 84       		.byte	0x84
 387 02ad 1A       		.byte	0x1a
 388 02ae 60020000 		.4byte	0x260
 389 02b2 00       		.byte	0
 390 02b3 08       		.uleb128 0x8
 391 02b4 FD000000 		.4byte	.LASF52
 392 02b8 06       		.byte	0x6
 393 02b9 85       		.byte	0x85
 394 02ba 1A       		.byte	0x1a
 395 02bb 60020000 		.4byte	0x260
 396 02bf 04       		.byte	0x4
 397 02c0 00       		.byte	0
 398 02c1 03       		.uleb128 0x3
 399 02c2 84050000 		.4byte	.LASF53
ARM GAS  /tmp/ccDFtfkD.s 			page 8


 400 02c6 05       		.byte	0x5
 401 02c7 4C       		.byte	0x4c
 402 02c8 1E       		.byte	0x1e
 403 02c9 CD020000 		.4byte	0x2cd
 404 02cd 0D       		.uleb128 0xd
 405 02ce E3000000 		.4byte	.LASF54
 406 02d2 1C       		.byte	0x1c
 407 02d3 06       		.byte	0x6
 408 02d4 5E01     		.2byte	0x15e
 409 02d6 08       		.byte	0x8
 410 02d7 30030000 		.4byte	0x330
 411 02db 0B       		.uleb128 0xb
 412 02dc 91050000 		.4byte	.LASF30
 413 02e0 06       		.byte	0x6
 414 02e1 5F01     		.2byte	0x15f
 415 02e3 19       		.byte	0x19
 416 02e4 8D020000 		.4byte	0x28d
 417 02e8 00       		.byte	0
 418 02e9 0B       		.uleb128 0xb
 419 02ea 48030000 		.4byte	.LASF31
 420 02ee 06       		.byte	0x6
 421 02ef 6001     		.2byte	0x160
 422 02f1 19       		.byte	0x19
 423 02f2 1C010000 		.4byte	0x11c
 424 02f6 08       		.byte	0x8
 425 02f7 0A       		.uleb128 0xa
 426 02f8 63747800 		.ascii	"ctx\000"
 427 02fc 06       		.byte	0x6
 428 02fd 6201     		.2byte	0x162
 429 02ff 19       		.byte	0x19
 430 0300 0A050000 		.4byte	0x50a
 431 0304 0C       		.byte	0xc
 432 0305 0B       		.uleb128 0xb
 433 0306 AE050000 		.4byte	.LASF32
 434 030a 06       		.byte	0x6
 435 030b 6501     		.2byte	0x165
 436 030d 1A       		.byte	0x1a
 437 030e 60020000 		.4byte	0x260
 438 0312 10       		.byte	0x10
 439 0313 0B       		.uleb128 0xb
 440 0314 8D060000 		.4byte	.LASF33
 441 0318 06       		.byte	0x6
 442 0319 6601     		.2byte	0x166
 443 031b 1A       		.byte	0x1a
 444 031c 60020000 		.4byte	0x260
 445 0320 14       		.byte	0x14
 446 0321 0B       		.uleb128 0xb
 447 0322 66060000 		.4byte	.LASF55
 448 0326 06       		.byte	0x6
 449 0327 6901     		.2byte	0x169
 450 0329 1A       		.byte	0x1a
 451 032a 60020000 		.4byte	0x260
 452 032e 18       		.byte	0x18
 453 032f 00       		.byte	0
 454 0330 03       		.uleb128 0x3
 455 0331 30010000 		.4byte	.LASF56
 456 0335 05       		.byte	0x5
ARM GAS  /tmp/ccDFtfkD.s 			page 9


 457 0336 51       		.byte	0x51
 458 0337 10       		.byte	0x10
 459 0338 3C030000 		.4byte	0x33c
 460 033c 0C       		.uleb128 0xc
 461 033d 04       		.byte	0x4
 462 033e 42030000 		.4byte	0x342
 463 0342 0E       		.uleb128 0xe
 464 0343 4D030000 		.4byte	0x34d
 465 0347 0F       		.uleb128 0xf
 466 0348 4D030000 		.4byte	0x34d
 467 034c 00       		.byte	0
 468 034d 10       		.uleb128 0x10
 469 034e 04       		.byte	0x4
 470 034f 03       		.uleb128 0x3
 471 0350 77060000 		.4byte	.LASF57
 472 0354 05       		.byte	0x5
 473 0355 56       		.byte	0x56
 474 0356 21       		.byte	0x21
 475 0357 5B030000 		.4byte	0x35b
 476 035b 0D       		.uleb128 0xd
 477 035c 86010000 		.4byte	.LASF58
 478 0360 14       		.byte	0x14
 479 0361 06       		.byte	0x6
 480 0362 3901     		.2byte	0x139
 481 0364 08       		.byte	0x8
 482 0365 B0030000 		.4byte	0x3b0
 483 0369 0B       		.uleb128 0xb
 484 036a 8B000000 		.4byte	.LASF49
 485 036e 06       		.byte	0x6
 486 036f 3A01     		.2byte	0x13a
 487 0371 1A       		.byte	0x1a
 488 0372 A7060000 		.4byte	0x6a7
 489 0376 00       		.byte	0
 490 0377 0B       		.uleb128 0xb
 491 0378 FD000000 		.4byte	.LASF52
 492 037c 06       		.byte	0x6
 493 037d 3B01     		.2byte	0x13b
 494 037f 1A       		.byte	0x1a
 495 0380 A7060000 		.4byte	0x6a7
 496 0384 04       		.byte	0x4
 497 0385 0B       		.uleb128 0xb
 498 0386 32060000 		.4byte	.LASF59
 499 038a 06       		.byte	0x6
 500 038b 3C01     		.2byte	0x13c
 501 038d 19       		.byte	0x19
 502 038e 8B040000 		.4byte	0x48b
 503 0392 08       		.byte	0x8
 504 0393 0B       		.uleb128 0xb
 505 0394 F1000000 		.4byte	.LASF60
 506 0398 06       		.byte	0x6
 507 0399 3D01     		.2byte	0x13d
 508 039b 19       		.byte	0x19
 509 039c 30030000 		.4byte	0x330
 510 03a0 0C       		.byte	0xc
 511 03a1 0A       		.uleb128 0xa
 512 03a2 70617200 		.ascii	"par\000"
 513 03a6 06       		.byte	0x6
ARM GAS  /tmp/ccDFtfkD.s 			page 10


 514 03a7 3F01     		.2byte	0x13f
 515 03a9 1A       		.byte	0x1a
 516 03aa 4D030000 		.4byte	0x34d
 517 03ae 10       		.byte	0x10
 518 03af 00       		.byte	0
 519 03b0 03       		.uleb128 0x3
 520 03b1 D5050000 		.4byte	.LASF61
 521 03b5 05       		.byte	0x5
 522 03b6 5B       		.byte	0x5b
 523 03b7 28       		.byte	0x28
 524 03b8 BC030000 		.4byte	0x3bc
 525 03bc 0D       		.uleb128 0xd
 526 03bd A4020000 		.4byte	.LASF62
 527 03c1 10       		.byte	0x10
 528 03c2 06       		.byte	0x6
 529 03c3 4901     		.2byte	0x149
 530 03c5 08       		.byte	0x8
 531 03c6 03040000 		.4byte	0x403
 532 03ca 0B       		.uleb128 0xb
 533 03cb 8B000000 		.4byte	.LASF49
 534 03cf 06       		.byte	0x6
 535 03d0 4A01     		.2byte	0x14a
 536 03d2 1A       		.byte	0x1a
 537 03d3 A7060000 		.4byte	0x6a7
 538 03d7 00       		.byte	0
 539 03d8 0B       		.uleb128 0xb
 540 03d9 FD000000 		.4byte	.LASF52
 541 03dd 06       		.byte	0x6
 542 03de 4C01     		.2byte	0x14c
 543 03e0 1A       		.byte	0x1a
 544 03e1 A7060000 		.4byte	0x6a7
 545 03e5 04       		.byte	0x4
 546 03e6 0B       		.uleb128 0xb
 547 03e7 32060000 		.4byte	.LASF59
 548 03eb 06       		.byte	0x6
 549 03ec 4E01     		.2byte	0x14e
 550 03ee 19       		.byte	0x19
 551 03ef 8B040000 		.4byte	0x48b
 552 03f3 08       		.byte	0x8
 553 03f4 0B       		.uleb128 0xb
 554 03f5 F3040000 		.4byte	.LASF63
 555 03f9 06       		.byte	0x6
 556 03fa 5601     		.2byte	0x156
 557 03fc 19       		.byte	0x19
 558 03fd 7F040000 		.4byte	0x47f
 559 0401 0C       		.byte	0xc
 560 0402 00       		.byte	0
 561 0403 03       		.uleb128 0x3
 562 0404 CF030000 		.4byte	.LASF64
 563 0408 05       		.byte	0x5
 564 0409 60       		.byte	0x60
 565 040a 20       		.byte	0x20
 566 040b 0F040000 		.4byte	0x40f
 567 040f 0D       		.uleb128 0xd
 568 0410 39010000 		.4byte	.LASF65
 569 0414 04       		.byte	0x4
 570 0415 06       		.byte	0x6
ARM GAS  /tmp/ccDFtfkD.s 			page 11


 571 0416 7001     		.2byte	0x170
 572 0418 08       		.byte	0x8
 573 0419 2C040000 		.4byte	0x42c
 574 041d 0B       		.uleb128 0xb
 575 041e 52040000 		.4byte	.LASF66
 576 0422 06       		.byte	0x6
 577 0423 7801     		.2byte	0x178
 578 0425 24       		.byte	0x24
 579 0426 90060000 		.4byte	0x690
 580 042a 00       		.byte	0
 581 042b 00       		.byte	0
 582 042c 03       		.uleb128 0x3
 583 042d 14060000 		.4byte	.LASF67
 584 0431 05       		.byte	0x5
 585 0432 65       		.byte	0x65
 586 0433 1A       		.byte	0x1a
 587 0434 38040000 		.4byte	0x438
 588 0438 0D       		.uleb128 0xd
 589 0439 E0040000 		.4byte	.LASF68
 590 043d 74       		.byte	0x74
 591 043e 06       		.byte	0x6
 592 043f 9001     		.2byte	0x190
 593 0441 08       		.byte	0x8
 594 0442 7F040000 		.4byte	0x47f
 595 0446 0B       		.uleb128 0xb
 596 0447 05050000 		.4byte	.LASF69
 597 044b 06       		.byte	0x6
 598 044c 9401     		.2byte	0x194
 599 044e 19       		.byte	0x19
 600 044f C1020000 		.4byte	0x2c1
 601 0453 00       		.byte	0
 602 0454 0B       		.uleb128 0xb
 603 0455 CF000000 		.4byte	.LASF70
 604 0459 06       		.byte	0x6
 605 045a 9801     		.2byte	0x198
 606 045c 19       		.byte	0x19
 607 045d B0030000 		.4byte	0x3b0
 608 0461 1C       		.byte	0x1c
 609 0462 0A       		.uleb128 0xa
 610 0463 64626700 		.ascii	"dbg\000"
 611 0467 06       		.byte	0x6
 612 0468 9C01     		.2byte	0x19c
 613 046a 19       		.byte	0x19
 614 046b 03040000 		.4byte	0x403
 615 046f 2C       		.byte	0x2c
 616 0470 0B       		.uleb128 0xb
 617 0471 6B040000 		.4byte	.LASF71
 618 0475 06       		.byte	0x6
 619 0476 A001     		.2byte	0x1a0
 620 0478 19       		.byte	0x19
 621 0479 58010000 		.4byte	0x158
 622 047d 30       		.byte	0x30
 623 047e 00       		.byte	0
 624 047f 03       		.uleb128 0x3
 625 0480 62000000 		.4byte	.LASF72
 626 0484 07       		.byte	0x7
 627 0485 6F       		.byte	0x6f
ARM GAS  /tmp/ccDFtfkD.s 			page 12


 628 0486 12       		.byte	0x12
 629 0487 C3000000 		.4byte	0xc3
 630 048b 03       		.uleb128 0x3
 631 048c 3B040000 		.4byte	.LASF73
 632 0490 07       		.byte	0x7
 633 0491 79       		.byte	0x79
 634 0492 12       		.byte	0x12
 635 0493 E0000000 		.4byte	0xe0
 636 0497 11       		.uleb128 0x11
 637 0498 C8040000 		.4byte	.LASF74
 638 049c 08       		.byte	0x8
 639 049d 4807     		.2byte	0x748
 640 049f 19       		.byte	0x19
 641 04a0 DB000000 		.4byte	0xdb
 642 04a4 12       		.uleb128 0x12
 643 04a5 19000000 		.4byte	.LASF75
 644 04a9 09       		.byte	0x9
 645 04aa 45       		.byte	0x45
 646 04ab 11       		.byte	0x11
 647 04ac E0000000 		.4byte	0xe0
 648 04b0 13       		.uleb128 0x13
 649 04b1 BE000000 		.4byte	0xbe
 650 04b5 C0040000 		.4byte	0x4c0
 651 04b9 14       		.uleb128 0x14
 652 04ba 30000000 		.4byte	0x30
 653 04be 0F       		.byte	0xf
 654 04bf 00       		.byte	0
 655 04c0 05       		.uleb128 0x5
 656 04c1 B0040000 		.4byte	0x4b0
 657 04c5 12       		.uleb128 0x12
 658 04c6 2D040000 		.4byte	.LASF76
 659 04ca 09       		.byte	0x9
 660 04cb 46       		.byte	0x46
 661 04cc 17       		.byte	0x17
 662 04cd C0040000 		.4byte	0x4c0
 663 04d1 13       		.uleb128 0x13
 664 04d2 BE000000 		.4byte	0xbe
 665 04d6 E1040000 		.4byte	0x4e1
 666 04da 14       		.uleb128 0x14
 667 04db 30000000 		.4byte	0x30
 668 04df 07       		.byte	0x7
 669 04e0 00       		.byte	0
 670 04e1 05       		.uleb128 0x5
 671 04e2 D1040000 		.4byte	0x4d1
 672 04e6 12       		.uleb128 0x12
 673 04e7 1E030000 		.4byte	.LASF77
 674 04eb 09       		.byte	0x9
 675 04ec 47       		.byte	0x47
 676 04ed 17       		.byte	0x17
 677 04ee E1040000 		.4byte	0x4e1
 678 04f2 03       		.uleb128 0x3
 679 04f3 48000000 		.4byte	.LASF78
 680 04f7 0A       		.byte	0xa
 681 04f8 65       		.byte	0x65
 682 04f9 0F       		.byte	0xf
 683 04fa 4D030000 		.4byte	0x34d
 684 04fe 03       		.uleb128 0x3
ARM GAS  /tmp/ccDFtfkD.s 			page 13


 685 04ff 4B060000 		.4byte	.LASF79
 686 0503 0A       		.byte	0xa
 687 0504 6D       		.byte	0x6d
 688 0505 12       		.byte	0x12
 689 0506 EC000000 		.4byte	0xec
 690 050a 07       		.uleb128 0x7
 691 050b D6000000 		.4byte	.LASF80
 692 050f 04       		.byte	0x4
 693 0510 0A       		.byte	0xa
 694 0511 89       		.byte	0x89
 695 0512 08       		.byte	0x8
 696 0513 24050000 		.4byte	0x524
 697 0517 09       		.uleb128 0x9
 698 0518 737000   		.ascii	"sp\000"
 699 051b 0A       		.byte	0xa
 700 051c 8A       		.byte	0x8a
 701 051d 17       		.byte	0x17
 702 051e AA050000 		.4byte	0x5aa
 703 0522 00       		.byte	0
 704 0523 00       		.byte	0
 705 0524 0D       		.uleb128 0xd
 706 0525 BC040000 		.4byte	.LASF81
 707 0529 24       		.byte	0x24
 708 052a 0B       		.byte	0xb
 709 052b 5901     		.2byte	0x159
 710 052d 08       		.byte	0x8
 711 052e AA050000 		.4byte	0x5aa
 712 0532 0A       		.uleb128 0xa
 713 0533 723400   		.ascii	"r4\000"
 714 0536 0B       		.byte	0xb
 715 0537 6C01     		.2byte	0x16c
 716 0539 11       		.byte	0x11
 717 053a F2040000 		.4byte	0x4f2
 718 053e 00       		.byte	0
 719 053f 0A       		.uleb128 0xa
 720 0540 723500   		.ascii	"r5\000"
 721 0543 0B       		.byte	0xb
 722 0544 6D01     		.2byte	0x16d
 723 0546 11       		.byte	0x11
 724 0547 F2040000 		.4byte	0x4f2
 725 054b 04       		.byte	0x4
 726 054c 0A       		.uleb128 0xa
 727 054d 723600   		.ascii	"r6\000"
 728 0550 0B       		.byte	0xb
 729 0551 6E01     		.2byte	0x16e
 730 0553 11       		.byte	0x11
 731 0554 F2040000 		.4byte	0x4f2
 732 0558 08       		.byte	0x8
 733 0559 0A       		.uleb128 0xa
 734 055a 723700   		.ascii	"r7\000"
 735 055d 0B       		.byte	0xb
 736 055e 6F01     		.2byte	0x16f
 737 0560 11       		.byte	0x11
 738 0561 F2040000 		.4byte	0x4f2
 739 0565 0C       		.byte	0xc
 740 0566 0A       		.uleb128 0xa
 741 0567 723800   		.ascii	"r8\000"
ARM GAS  /tmp/ccDFtfkD.s 			page 14


 742 056a 0B       		.byte	0xb
 743 056b 7001     		.2byte	0x170
 744 056d 11       		.byte	0x11
 745 056e F2040000 		.4byte	0x4f2
 746 0572 10       		.byte	0x10
 747 0573 0A       		.uleb128 0xa
 748 0574 723900   		.ascii	"r9\000"
 749 0577 0B       		.byte	0xb
 750 0578 7101     		.2byte	0x171
 751 057a 11       		.byte	0x11
 752 057b F2040000 		.4byte	0x4f2
 753 057f 14       		.byte	0x14
 754 0580 0A       		.uleb128 0xa
 755 0581 72313000 		.ascii	"r10\000"
 756 0585 0B       		.byte	0xb
 757 0586 7201     		.2byte	0x172
 758 0588 11       		.byte	0x11
 759 0589 F2040000 		.4byte	0x4f2
 760 058d 18       		.byte	0x18
 761 058e 0A       		.uleb128 0xa
 762 058f 72313100 		.ascii	"r11\000"
 763 0593 0B       		.byte	0xb
 764 0594 7301     		.2byte	0x173
 765 0596 11       		.byte	0x11
 766 0597 F2040000 		.4byte	0x4f2
 767 059b 1C       		.byte	0x1c
 768 059c 0A       		.uleb128 0xa
 769 059d 6C7200   		.ascii	"lr\000"
 770 05a0 0B       		.byte	0xb
 771 05a1 7401     		.2byte	0x174
 772 05a3 11       		.byte	0x11
 773 05a4 F2040000 		.4byte	0x4f2
 774 05a8 20       		.byte	0x20
 775 05a9 00       		.byte	0
 776 05aa 0C       		.uleb128 0xc
 777 05ab 04       		.byte	0x4
 778 05ac 24050000 		.4byte	0x524
 779 05b0 15       		.uleb128 0x15
 780 05b1 04       		.byte	0x4
 781 05b2 06       		.byte	0x6
 782 05b3 C6       		.byte	0xc6
 783 05b4 03       		.byte	0x3
 784 05b5 1B060000 		.4byte	0x61b
 785 05b9 16       		.uleb128 0x16
 786 05ba DF020000 		.4byte	.LASF82
 787 05be 06       		.byte	0x6
 788 05bf CD       		.byte	0xcd
 789 05c0 19       		.byte	0x19
 790 05c1 28010000 		.4byte	0x128
 791 05c5 16       		.uleb128 0x16
 792 05c6 9B060000 		.4byte	.LASF83
 793 05ca 06       		.byte	0x6
 794 05cb D4       		.byte	0xd4
 795 05cc 19       		.byte	0x19
 796 05cd 28010000 		.4byte	0x128
 797 05d1 16       		.uleb128 0x16
 798 05d2 C8000000 		.4byte	.LASF84
ARM GAS  /tmp/ccDFtfkD.s 			page 15


 799 05d6 06       		.byte	0x6
 800 05d7 DB       		.byte	0xdb
 801 05d8 1A       		.byte	0x1a
 802 05d9 4D030000 		.4byte	0x34d
 803 05dd 16       		.uleb128 0x16
 804 05de 20060000 		.4byte	.LASF85
 805 05e2 06       		.byte	0x6
 806 05e3 E2       		.byte	0xe2
 807 05e4 1A       		.byte	0x1a
 808 05e5 1B060000 		.4byte	0x61b
 809 05e9 16       		.uleb128 0x16
 810 05ea 52010000 		.4byte	.LASF86
 811 05ee 06       		.byte	0x6
 812 05ef E7       		.byte	0xe7
 813 05f0 19       		.byte	0x19
 814 05f1 28010000 		.4byte	0x128
 815 05f5 16       		.uleb128 0x16
 816 05f6 9F050000 		.4byte	.LASF87
 817 05fa 06       		.byte	0x6
 818 05fb F0       		.byte	0xf0
 819 05fc 1A       		.byte	0x1a
 820 05fd 49060000 		.4byte	0x649
 821 0601 16       		.uleb128 0x16
 822 0602 29000000 		.4byte	.LASF88
 823 0606 06       		.byte	0x6
 824 0607 F9       		.byte	0xf9
 825 0608 1A       		.byte	0x1a
 826 0609 84060000 		.4byte	0x684
 827 060d 17       		.uleb128 0x17
 828 060e F6000000 		.4byte	.LASF89
 829 0612 06       		.byte	0x6
 830 0613 0101     		.2byte	0x101
 831 0615 19       		.byte	0x19
 832 0616 34010000 		.4byte	0x134
 833 061a 00       		.byte	0
 834 061b 0C       		.uleb128 0xc
 835 061c 04       		.byte	0x4
 836 061d 54020000 		.4byte	0x254
 837 0621 07       		.uleb128 0x7
 838 0622 71010000 		.4byte	.LASF90
 839 0626 0C       		.byte	0xc
 840 0627 0C       		.byte	0xc
 841 0628 34       		.byte	0x34
 842 0629 10       		.byte	0x10
 843 062a 49060000 		.4byte	0x649
 844 062e 08       		.uleb128 0x8
 845 062f 91050000 		.4byte	.LASF30
 846 0633 0C       		.byte	0xc
 847 0634 35       		.byte	0x35
 848 0635 19       		.byte	0x19
 849 0636 8D020000 		.4byte	0x28d
 850 063a 00       		.byte	0
 851 063b 09       		.uleb128 0x9
 852 063c 636E7400 		.ascii	"cnt\000"
 853 0640 0C       		.byte	0xc
 854 0641 37       		.byte	0x37
 855 0642 19       		.byte	0x19
ARM GAS  /tmp/ccDFtfkD.s 			page 16


 856 0643 40010000 		.4byte	0x140
 857 0647 08       		.byte	0x8
 858 0648 00       		.byte	0
 859 0649 0C       		.uleb128 0xc
 860 064a 04       		.byte	0x4
 861 064b 21060000 		.4byte	0x621
 862 064f 07       		.uleb128 0x7
 863 0650 0A030000 		.4byte	.LASF91
 864 0654 10       		.byte	0x10
 865 0655 0D       		.byte	0xd
 866 0656 39       		.byte	0x39
 867 0657 08       		.byte	0x8
 868 0658 84060000 		.4byte	0x684
 869 065c 08       		.uleb128 0x8
 870 065d 91050000 		.4byte	.LASF30
 871 0661 0D       		.byte	0xd
 872 0662 3A       		.byte	0x3a
 873 0663 19       		.byte	0x19
 874 0664 8D020000 		.4byte	0x28d
 875 0668 00       		.byte	0
 876 0669 08       		.uleb128 0x8
 877 066a 86020000 		.4byte	.LASF92
 878 066e 0D       		.byte	0xd
 879 066f 3C       		.byte	0x3c
 880 0670 1A       		.byte	0x1a
 881 0671 60020000 		.4byte	0x260
 882 0675 08       		.byte	0x8
 883 0676 08       		.uleb128 0x8
 884 0677 8B000000 		.4byte	.LASF49
 885 067b 0D       		.byte	0xd
 886 067c 3E       		.byte	0x3e
 887 067d 1A       		.byte	0x1a
 888 067e FE070000 		.4byte	0x7fe
 889 0682 0C       		.byte	0xc
 890 0683 00       		.byte	0
 891 0684 0C       		.uleb128 0xc
 892 0685 04       		.byte	0x4
 893 0686 4F060000 		.4byte	0x64f
 894 068a 0C       		.uleb128 0xc
 895 068b 04       		.byte	0x4
 896 068c 9C060000 		.4byte	0x69c
 897 0690 06       		.uleb128 0x6
 898 0691 8A060000 		.4byte	0x68a
 899 0695 04       		.uleb128 0x4
 900 0696 01       		.byte	0x1
 901 0697 08       		.byte	0x8
 902 0698 56030000 		.4byte	.LASF93
 903 069c 05       		.uleb128 0x5
 904 069d 95060000 		.4byte	0x695
 905 06a1 0C       		.uleb128 0xc
 906 06a2 04       		.byte	0x4
 907 06a3 FE040000 		.4byte	0x4fe
 908 06a7 0C       		.uleb128 0xc
 909 06a8 04       		.byte	0x4
 910 06a9 4F030000 		.4byte	0x34f
 911 06ad 18       		.uleb128 0x18
 912 06ae 636800   		.ascii	"ch\000"
ARM GAS  /tmp/ccDFtfkD.s 			page 17


 913 06b1 06       		.byte	0x6
 914 06b2 C701     		.2byte	0x1c7
 915 06b4 14       		.byte	0x14
 916 06b5 2C040000 		.4byte	0x42c
 917 06b9 13       		.uleb128 0x13
 918 06ba FE040000 		.4byte	0x4fe
 919 06be C4060000 		.4byte	0x6c4
 920 06c2 19       		.uleb128 0x19
 921 06c3 00       		.byte	0
 922 06c4 11       		.uleb128 0x11
 923 06c5 75030000 		.4byte	.LASF94
 924 06c9 0E       		.byte	0xe
 925 06ca 1701     		.2byte	0x117
 926 06cc 13       		.byte	0x13
 927 06cd B9060000 		.4byte	0x6b9
 928 06d1 1A       		.uleb128 0x1a
 929 06d2 16       		.byte	0x16
 930 06d3 0F       		.byte	0xf
 931 06d4 34       		.byte	0x34
 932 06d5 09       		.byte	0x9
 933 06d6 C5070000 		.4byte	0x7c5
 934 06da 08       		.uleb128 0x8
 935 06db 53050000 		.4byte	.LASF95
 936 06df 0F       		.byte	0xf
 937 06e0 35       		.byte	0x35
 938 06e1 0D       		.byte	0xd
 939 06e2 C5070000 		.4byte	0x7c5
 940 06e6 00       		.byte	0
 941 06e7 08       		.uleb128 0x8
 942 06e8 EC030000 		.4byte	.LASF96
 943 06ec 0F       		.byte	0xf
 944 06ed 36       		.byte	0x36
 945 06ee 0D       		.byte	0xd
 946 06ef B2000000 		.4byte	0xb2
 947 06f3 04       		.byte	0x4
 948 06f4 08       		.uleb128 0x8
 949 06f5 20040000 		.4byte	.LASF97
 950 06f9 0F       		.byte	0xf
 951 06fa 37       		.byte	0x37
 952 06fb 0D       		.byte	0xd
 953 06fc B2000000 		.4byte	0xb2
 954 0700 05       		.byte	0x5
 955 0701 08       		.uleb128 0x8
 956 0702 90000000 		.4byte	.LASF98
 957 0706 0F       		.byte	0xf
 958 0707 38       		.byte	0x38
 959 0708 0D       		.byte	0xd
 960 0709 C3000000 		.4byte	0xc3
 961 070d 06       		.byte	0x6
 962 070e 08       		.uleb128 0x8
 963 070f 25040000 		.4byte	.LASF99
 964 0713 0F       		.byte	0xf
 965 0714 39       		.byte	0x39
 966 0715 0D       		.byte	0xd
 967 0716 B2000000 		.4byte	0xb2
 968 071a 08       		.byte	0x8
 969 071b 08       		.uleb128 0x8
ARM GAS  /tmp/ccDFtfkD.s 			page 18


 970 071c 10000000 		.4byte	.LASF100
 971 0720 0F       		.byte	0xf
 972 0721 3A       		.byte	0x3a
 973 0722 0D       		.byte	0xd
 974 0723 B2000000 		.4byte	0xb2
 975 0727 09       		.byte	0x9
 976 0728 08       		.uleb128 0x8
 977 0729 66010000 		.4byte	.LASF101
 978 072d 0F       		.byte	0xf
 979 072e 3B       		.byte	0x3b
 980 072f 0D       		.byte	0xd
 981 0730 B2000000 		.4byte	0xb2
 982 0734 0A       		.byte	0xa
 983 0735 08       		.uleb128 0x8
 984 0736 95040000 		.4byte	.LASF102
 985 073a 0F       		.byte	0xf
 986 073b 3C       		.byte	0x3c
 987 073c 0D       		.byte	0xd
 988 073d B2000000 		.4byte	0xb2
 989 0741 0B       		.byte	0xb
 990 0742 08       		.uleb128 0x8
 991 0743 36030000 		.4byte	.LASF103
 992 0747 0F       		.byte	0xf
 993 0748 3D       		.byte	0x3d
 994 0749 0D       		.byte	0xd
 995 074a B2000000 		.4byte	0xb2
 996 074e 0C       		.byte	0xc
 997 074f 08       		.uleb128 0x8
 998 0750 26010000 		.4byte	.LASF104
 999 0754 0F       		.byte	0xf
 1000 0755 3E       		.byte	0x3e
 1001 0756 0D       		.byte	0xd
 1002 0757 B2000000 		.4byte	0xb2
 1003 075b 0D       		.byte	0xd
 1004 075c 08       		.uleb128 0x8
 1005 075d C4020000 		.4byte	.LASF105
 1006 0761 0F       		.byte	0xf
 1007 0762 3F       		.byte	0x3f
 1008 0763 0D       		.byte	0xd
 1009 0764 B2000000 		.4byte	0xb2
 1010 0768 0E       		.byte	0xe
 1011 0769 08       		.uleb128 0x8
 1012 076a C6030000 		.4byte	.LASF106
 1013 076e 0F       		.byte	0xf
 1014 076f 40       		.byte	0x40
 1015 0770 0D       		.byte	0xd
 1016 0771 B2000000 		.4byte	0xb2
 1017 0775 0F       		.byte	0xf
 1018 0776 08       		.uleb128 0x8
 1019 0777 79020000 		.4byte	.LASF107
 1020 077b 0F       		.byte	0xf
 1021 077c 41       		.byte	0x41
 1022 077d 0D       		.byte	0xd
 1023 077e B2000000 		.4byte	0xb2
 1024 0782 10       		.byte	0x10
 1025 0783 08       		.uleb128 0x8
 1026 0784 CE020000 		.4byte	.LASF108
ARM GAS  /tmp/ccDFtfkD.s 			page 19


 1027 0788 0F       		.byte	0xf
 1028 0789 42       		.byte	0x42
 1029 078a 0D       		.byte	0xd
 1030 078b B2000000 		.4byte	0xb2
 1031 078f 11       		.byte	0x11
 1032 0790 08       		.uleb128 0x8
 1033 0791 3E030000 		.4byte	.LASF109
 1034 0795 0F       		.byte	0xf
 1035 0796 43       		.byte	0x43
 1036 0797 0D       		.byte	0xd
 1037 0798 B2000000 		.4byte	0xb2
 1038 079c 12       		.byte	0x12
 1039 079d 08       		.uleb128 0x8
 1040 079e 56060000 		.4byte	.LASF110
 1041 07a2 0F       		.byte	0xf
 1042 07a3 44       		.byte	0x44
 1043 07a4 0D       		.byte	0xd
 1044 07a5 B2000000 		.4byte	0xb2
 1045 07a9 13       		.byte	0x13
 1046 07aa 08       		.uleb128 0x8
 1047 07ab 5E050000 		.4byte	.LASF111
 1048 07af 0F       		.byte	0xf
 1049 07b0 45       		.byte	0x45
 1050 07b1 0D       		.byte	0xd
 1051 07b2 B2000000 		.4byte	0xb2
 1052 07b6 14       		.byte	0x14
 1053 07b7 08       		.uleb128 0x8
 1054 07b8 BF000000 		.4byte	.LASF112
 1055 07bc 0F       		.byte	0xf
 1056 07bd 46       		.byte	0x46
 1057 07be 0D       		.byte	0xd
 1058 07bf B2000000 		.4byte	0xb2
 1059 07c3 15       		.byte	0x15
 1060 07c4 00       		.byte	0
 1061 07c5 13       		.uleb128 0x13
 1062 07c6 95060000 		.4byte	0x695
 1063 07ca D5070000 		.4byte	0x7d5
 1064 07ce 14       		.uleb128 0x14
 1065 07cf 30000000 		.4byte	0x30
 1066 07d3 03       		.byte	0x3
 1067 07d4 00       		.byte	0
 1068 07d5 03       		.uleb128 0x3
 1069 07d6 8B040000 		.4byte	.LASF113
 1070 07da 0F       		.byte	0xf
 1071 07db 47       		.byte	0x47
 1072 07dc 03       		.byte	0x3
 1073 07dd D1060000 		.4byte	0x6d1
 1074 07e1 05       		.uleb128 0x5
 1075 07e2 D5070000 		.4byte	0x7d5
 1076 07e6 12       		.uleb128 0x12
 1077 07e7 6E060000 		.4byte	.LASF114
 1078 07eb 0F       		.byte	0xf
 1079 07ec 6C       		.byte	0x6c
 1080 07ed 1D       		.byte	0x1d
 1081 07ee E1070000 		.4byte	0x7e1
 1082 07f2 03       		.uleb128 0x3
 1083 07f3 A6050000 		.4byte	.LASF115
ARM GAS  /tmp/ccDFtfkD.s 			page 20


 1084 07f7 0D       		.byte	0xd
 1085 07f8 34       		.byte	0x34
 1086 07f9 19       		.byte	0x19
 1087 07fa 4F060000 		.4byte	0x64f
 1088 07fe 0C       		.uleb128 0xc
 1089 07ff 04       		.byte	0x4
 1090 0800 F2070000 		.4byte	0x7f2
 1091 0804 04       		.uleb128 0x4
 1092 0805 01       		.byte	0x1
 1093 0806 02       		.byte	0x2
 1094 0807 F2020000 		.4byte	.LASF116
 1095 080b 03       		.uleb128 0x3
 1096 080c 41050000 		.4byte	.LASF117
 1097 0810 10       		.byte	0x10
 1098 0811 47       		.byte	0x47
 1099 0812 11       		.byte	0x11
 1100 0813 17080000 		.4byte	0x817
 1101 0817 0C       		.uleb128 0xc
 1102 0818 04       		.byte	0x4
 1103 0819 1D080000 		.4byte	0x81d
 1104 081d 1B       		.uleb128 0x1b
 1105 081e 4D030000 		.4byte	0x34d
 1106 0822 31080000 		.4byte	0x831
 1107 0826 0F       		.uleb128 0xf
 1108 0827 24000000 		.4byte	0x24
 1109 082b 0F       		.uleb128 0xf
 1110 082c 30000000 		.4byte	0x30
 1111 0830 00       		.byte	0
 1112 0831 1A       		.uleb128 0x1a
 1113 0832 08       		.byte	0x8
 1114 0833 10       		.byte	0x10
 1115 0834 51       		.byte	0x51
 1116 0835 09       		.byte	0x9
 1117 0836 55080000 		.4byte	0x855
 1118 083a 08       		.uleb128 0x8
 1119 083b 93060000 		.4byte	.LASF118
 1120 083f 10       		.byte	0x10
 1121 0840 55       		.byte	0x55
 1122 0841 0C       		.byte	0xc
 1123 0842 55080000 		.4byte	0x855
 1124 0846 00       		.byte	0
 1125 0847 08       		.uleb128 0x8
 1126 0848 5F060000 		.4byte	.LASF119
 1127 084c 10       		.byte	0x10
 1128 084d 59       		.byte	0x59
 1129 084e 0C       		.byte	0xc
 1130 084f 55080000 		.4byte	0x855
 1131 0853 04       		.byte	0x4
 1132 0854 00       		.byte	0
 1133 0855 0C       		.uleb128 0xc
 1134 0856 04       		.byte	0x4
 1135 0857 B2000000 		.4byte	0xb2
 1136 085b 03       		.uleb128 0x3
 1137 085c 97010000 		.4byte	.LASF120
 1138 0860 10       		.byte	0x10
 1139 0861 5A       		.byte	0x5a
 1140 0862 03       		.byte	0x3
ARM GAS  /tmp/ccDFtfkD.s 			page 21


 1141 0863 31080000 		.4byte	0x831
 1142 0867 12       		.uleb128 0x12
 1143 0868 9E040000 		.4byte	.LASF121
 1144 086c 10       		.byte	0x10
 1145 086d 65       		.byte	0x65
 1146 086e 12       		.byte	0x12
 1147 086f 5B080000 		.4byte	0x85b
 1148 0873 07       		.uleb128 0x7
 1149 0874 08060000 		.4byte	.LASF122
 1150 0878 04       		.byte	0x4
 1151 0879 11       		.byte	0x11
 1152 087a 38       		.byte	0x38
 1153 087b 08       		.byte	0x8
 1154 087c 8E080000 		.4byte	0x88e
 1155 0880 08       		.uleb128 0x8
 1156 0881 8B000000 		.4byte	.LASF49
 1157 0885 11       		.byte	0x11
 1158 0886 39       		.byte	0x39
 1159 0887 1A       		.byte	0x1a
 1160 0888 8E080000 		.4byte	0x88e
 1161 088c 00       		.byte	0
 1162 088d 00       		.byte	0
 1163 088e 0C       		.uleb128 0xc
 1164 088f 04       		.byte	0x4
 1165 0890 73080000 		.4byte	0x873
 1166 0894 1A       		.uleb128 0x1a
 1167 0895 10       		.byte	0x10
 1168 0896 11       		.byte	0x11
 1169 0897 40       		.byte	0x40
 1170 0898 09       		.byte	0x9
 1171 0899 D2080000 		.4byte	0x8d2
 1172 089d 08       		.uleb128 0x8
 1173 089e 8B000000 		.4byte	.LASF49
 1174 08a2 11       		.byte	0x11
 1175 08a3 41       		.byte	0x41
 1176 08a4 1A       		.byte	0x1a
 1177 08a5 8E080000 		.4byte	0x88e
 1178 08a9 00       		.byte	0
 1179 08aa 08       		.uleb128 0x8
 1180 08ab E6020000 		.4byte	.LASF123
 1181 08af 11       		.byte	0x11
 1182 08b0 42       		.byte	0x42
 1183 08b1 19       		.byte	0x19
 1184 08b2 24000000 		.4byte	0x24
 1185 08b6 04       		.byte	0x4
 1186 08b7 08       		.uleb128 0x8
 1187 08b8 87060000 		.4byte	.LASF124
 1188 08bc 11       		.byte	0x11
 1189 08bd 44       		.byte	0x44
 1190 08be 19       		.byte	0x19
 1191 08bf 30000000 		.4byte	0x30
 1192 08c3 08       		.byte	0x8
 1193 08c4 08       		.uleb128 0x8
 1194 08c5 EA040000 		.4byte	.LASF125
 1195 08c9 11       		.byte	0x11
 1196 08ca 45       		.byte	0x45
 1197 08cb 19       		.byte	0x19
ARM GAS  /tmp/ccDFtfkD.s 			page 22


 1198 08cc 0B080000 		.4byte	0x80b
 1199 08d0 0C       		.byte	0xc
 1200 08d1 00       		.byte	0
 1201 08d2 03       		.uleb128 0x3
 1202 08d3 30000000 		.4byte	.LASF126
 1203 08d7 11       		.byte	0x11
 1204 08d8 47       		.byte	0x47
 1205 08d9 03       		.byte	0x3
 1206 08da 94080000 		.4byte	0x894
 1207 08de 07       		.uleb128 0x7
 1208 08df 98030000 		.4byte	.LASF127
 1209 08e3 10       		.byte	0x10
 1210 08e4 12       		.byte	0x12
 1211 08e5 A9       		.byte	0xa9
 1212 08e6 10       		.byte	0x10
 1213 08e7 13090000 		.4byte	0x913
 1214 08eb 08       		.uleb128 0x8
 1215 08ec 8B000000 		.4byte	.LASF49
 1216 08f0 12       		.byte	0x12
 1217 08f1 AD       		.byte	0xad
 1218 08f2 1A       		.byte	0x1a
 1219 08f3 13090000 		.4byte	0x913
 1220 08f7 00       		.byte	0
 1221 08f8 08       		.uleb128 0x8
 1222 08f9 BA000000 		.4byte	.LASF38
 1223 08fd 12       		.byte	0x12
 1224 08fe B1       		.byte	0xb1
 1225 08ff 19       		.byte	0x19
 1226 0900 4C010000 		.4byte	0x14c
 1227 0904 04       		.byte	0x4
 1228 0905 08       		.uleb128 0x8
 1229 0906 4E050000 		.4byte	.LASF34
 1230 090a 12       		.byte	0x12
 1231 090b B3       		.byte	0xb3
 1232 090c 19       		.byte	0x19
 1233 090d 19090000 		.4byte	0x919
 1234 0911 08       		.byte	0x8
 1235 0912 00       		.byte	0
 1236 0913 0C       		.uleb128 0xc
 1237 0914 04       		.byte	0x4
 1238 0915 DE080000 		.4byte	0x8de
 1239 0919 13       		.uleb128 0x13
 1240 091a 95060000 		.4byte	0x695
 1241 091e 29090000 		.4byte	0x929
 1242 0922 14       		.uleb128 0x14
 1243 0923 30000000 		.4byte	0x30
 1244 0927 07       		.byte	0x7
 1245 0928 00       		.byte	0
 1246 0929 03       		.uleb128 0x3
 1247 092a EB050000 		.4byte	.LASF128
 1248 092e 12       		.byte	0x12
 1249 092f B7       		.byte	0xb7
 1250 0930 03       		.byte	0x3
 1251 0931 DE080000 		.4byte	0x8de
 1252 0935 07       		.uleb128 0x7
 1253 0936 BA030000 		.4byte	.LASF129
 1254 093a 04       		.byte	0x4
ARM GAS  /tmp/ccDFtfkD.s 			page 23


 1255 093b 12       		.byte	0x12
 1256 093c BC       		.byte	0xbc
 1257 093d 10       		.byte	0x10
 1258 093e 50090000 		.4byte	0x950
 1259 0942 08       		.uleb128 0x8
 1260 0943 8B000000 		.4byte	.LASF49
 1261 0947 12       		.byte	0x12
 1262 0948 BD       		.byte	0xbd
 1263 0949 1A       		.byte	0x1a
 1264 094a 50090000 		.4byte	0x950
 1265 094e 00       		.byte	0
 1266 094f 00       		.byte	0
 1267 0950 0C       		.uleb128 0xc
 1268 0951 04       		.byte	0x4
 1269 0952 29090000 		.4byte	0x929
 1270 0956 03       		.uleb128 0x3
 1271 0957 51000000 		.4byte	.LASF130
 1272 095b 12       		.byte	0x12
 1273 095c BE       		.byte	0xbe
 1274 095d 03       		.byte	0x3
 1275 095e 35090000 		.4byte	0x935
 1276 0962 0D       		.uleb128 0xd
 1277 0963 13010000 		.4byte	.LASF131
 1278 0967 48       		.byte	0x48
 1279 0968 12       		.byte	0x12
 1280 0969 3E01     		.2byte	0x13e
 1281 096b 10       		.byte	0x10
 1282 096c EF090000 		.4byte	0x9ef
 1283 0970 0A       		.uleb128 0xa
 1284 0971 6D747800 		.ascii	"mtx\000"
 1285 0975 12       		.byte	0x12
 1286 0976 4301     		.2byte	0x143
 1287 0978 19       		.byte	0x19
 1288 0979 F2070000 		.4byte	0x7f2
 1289 097d 00       		.byte	0
 1290 097e 0B       		.uleb128 0xb
 1291 097f A7000000 		.4byte	.LASF132
 1292 0983 12       		.byte	0x12
 1293 0984 4A01     		.2byte	0x14a
 1294 0986 19       		.byte	0x19
 1295 0987 56090000 		.4byte	0x956
 1296 098b 10       		.byte	0x10
 1297 098c 0B       		.uleb128 0xb
 1298 098d F7030000 		.4byte	.LASF133
 1299 0991 12       		.byte	0x12
 1300 0992 4E01     		.2byte	0x14e
 1301 0994 19       		.byte	0x19
 1302 0995 D2080000 		.4byte	0x8d2
 1303 0999 14       		.byte	0x14
 1304 099a 0B       		.uleb128 0xb
 1305 099b 49040000 		.4byte	.LASF134
 1306 099f 12       		.byte	0x12
 1307 09a0 5301     		.2byte	0x153
 1308 09a2 19       		.byte	0x19
 1309 09a3 56090000 		.4byte	0x956
 1310 09a7 24       		.byte	0x24
 1311 09a8 0B       		.uleb128 0xb
ARM GAS  /tmp/ccDFtfkD.s 			page 24


 1312 09a9 A4060000 		.4byte	.LASF135
 1313 09ad 12       		.byte	0x12
 1314 09ae 5901     		.2byte	0x159
 1315 09b0 19       		.byte	0x19
 1316 09b1 56090000 		.4byte	0x956
 1317 09b5 28       		.byte	0x28
 1318 09b6 0B       		.uleb128 0xb
 1319 09b7 4D030000 		.4byte	.LASF136
 1320 09bb 12       		.byte	0x12
 1321 09bc 5D01     		.2byte	0x15d
 1322 09be 19       		.byte	0x19
 1323 09bf D2080000 		.4byte	0x8d2
 1324 09c3 2C       		.byte	0x2c
 1325 09c4 0B       		.uleb128 0xb
 1326 09c5 F9050000 		.4byte	.LASF137
 1327 09c9 12       		.byte	0x12
 1328 09ca 6301     		.2byte	0x163
 1329 09cc 19       		.byte	0x19
 1330 09cd 56090000 		.4byte	0x956
 1331 09d1 3C       		.byte	0x3c
 1332 09d2 0B       		.uleb128 0xb
 1333 09d3 3E000000 		.4byte	.LASF138
 1334 09d7 12       		.byte	0x12
 1335 09d8 6901     		.2byte	0x169
 1336 09da 19       		.byte	0x19
 1337 09db 56090000 		.4byte	0x956
 1338 09df 40       		.byte	0x40
 1339 09e0 0B       		.uleb128 0xb
 1340 09e1 2C030000 		.4byte	.LASF139
 1341 09e5 12       		.byte	0x12
 1342 09e6 6F01     		.2byte	0x16f
 1343 09e8 19       		.byte	0x19
 1344 09e9 56090000 		.4byte	0x956
 1345 09ed 44       		.byte	0x44
 1346 09ee 00       		.byte	0
 1347 09ef 1C       		.uleb128 0x1c
 1348 09f0 F8020000 		.4byte	.LASF140
 1349 09f4 12       		.byte	0x12
 1350 09f5 7101     		.2byte	0x171
 1351 09f7 03       		.byte	0x3
 1352 09f8 62090000 		.4byte	0x962
 1353 09fc 11       		.uleb128 0x11
 1354 09fd D5040000 		.4byte	.LASF141
 1355 0a01 12       		.byte	0x12
 1356 0a02 7C01     		.2byte	0x17c
 1357 0a04 1A       		.byte	0x1a
 1358 0a05 EF090000 		.4byte	0x9ef
 1359 0a09 00       		.byte	0
 1360              		.section	.gnu.debuglto_.debug_abbrev,"",%progbits
 1361              	.Ldebug_abbrev0:
 1362 0000 01       		.uleb128 0x1
 1363 0001 11       		.uleb128 0x11
 1364 0002 01       		.byte	0x1
 1365 0003 25       		.uleb128 0x25
 1366 0004 0E       		.uleb128 0xe
 1367 0005 13       		.uleb128 0x13
 1368 0006 0B       		.uleb128 0xb
ARM GAS  /tmp/ccDFtfkD.s 			page 25


 1369 0007 03       		.uleb128 0x3
 1370 0008 0E       		.uleb128 0xe
 1371 0009 1B       		.uleb128 0x1b
 1372 000a 0E       		.uleb128 0xe
 1373 000b 10       		.uleb128 0x10
 1374 000c 17       		.uleb128 0x17
 1375 000d 00       		.byte	0
 1376 000e 00       		.byte	0
 1377 000f 02       		.uleb128 0x2
 1378 0010 24       		.uleb128 0x24
 1379 0011 00       		.byte	0
 1380 0012 0B       		.uleb128 0xb
 1381 0013 0B       		.uleb128 0xb
 1382 0014 3E       		.uleb128 0x3e
 1383 0015 0B       		.uleb128 0xb
 1384 0016 03       		.uleb128 0x3
 1385 0017 08       		.uleb128 0x8
 1386 0018 00       		.byte	0
 1387 0019 00       		.byte	0
 1388 001a 03       		.uleb128 0x3
 1389 001b 16       		.uleb128 0x16
 1390 001c 00       		.byte	0
 1391 001d 03       		.uleb128 0x3
 1392 001e 0E       		.uleb128 0xe
 1393 001f 3A       		.uleb128 0x3a
 1394 0020 0B       		.uleb128 0xb
 1395 0021 3B       		.uleb128 0x3b
 1396 0022 0B       		.uleb128 0xb
 1397 0023 39       		.uleb128 0x39
 1398 0024 0B       		.uleb128 0xb
 1399 0025 49       		.uleb128 0x49
 1400 0026 13       		.uleb128 0x13
 1401 0027 00       		.byte	0
 1402 0028 00       		.byte	0
 1403 0029 04       		.uleb128 0x4
 1404 002a 24       		.uleb128 0x24
 1405 002b 00       		.byte	0
 1406 002c 0B       		.uleb128 0xb
 1407 002d 0B       		.uleb128 0xb
 1408 002e 3E       		.uleb128 0x3e
 1409 002f 0B       		.uleb128 0xb
 1410 0030 03       		.uleb128 0x3
 1411 0031 0E       		.uleb128 0xe
 1412 0032 00       		.byte	0
 1413 0033 00       		.byte	0
 1414 0034 05       		.uleb128 0x5
 1415 0035 26       		.uleb128 0x26
 1416 0036 00       		.byte	0
 1417 0037 49       		.uleb128 0x49
 1418 0038 13       		.uleb128 0x13
 1419 0039 00       		.byte	0
 1420 003a 00       		.byte	0
 1421 003b 06       		.uleb128 0x6
 1422 003c 35       		.uleb128 0x35
 1423 003d 00       		.byte	0
 1424 003e 49       		.uleb128 0x49
 1425 003f 13       		.uleb128 0x13
ARM GAS  /tmp/ccDFtfkD.s 			page 26


 1426 0040 00       		.byte	0
 1427 0041 00       		.byte	0
 1428 0042 07       		.uleb128 0x7
 1429 0043 13       		.uleb128 0x13
 1430 0044 01       		.byte	0x1
 1431 0045 03       		.uleb128 0x3
 1432 0046 0E       		.uleb128 0xe
 1433 0047 0B       		.uleb128 0xb
 1434 0048 0B       		.uleb128 0xb
 1435 0049 3A       		.uleb128 0x3a
 1436 004a 0B       		.uleb128 0xb
 1437 004b 3B       		.uleb128 0x3b
 1438 004c 0B       		.uleb128 0xb
 1439 004d 39       		.uleb128 0x39
 1440 004e 0B       		.uleb128 0xb
 1441 004f 01       		.uleb128 0x1
 1442 0050 13       		.uleb128 0x13
 1443 0051 00       		.byte	0
 1444 0052 00       		.byte	0
 1445 0053 08       		.uleb128 0x8
 1446 0054 0D       		.uleb128 0xd
 1447 0055 00       		.byte	0
 1448 0056 03       		.uleb128 0x3
 1449 0057 0E       		.uleb128 0xe
 1450 0058 3A       		.uleb128 0x3a
 1451 0059 0B       		.uleb128 0xb
 1452 005a 3B       		.uleb128 0x3b
 1453 005b 0B       		.uleb128 0xb
 1454 005c 39       		.uleb128 0x39
 1455 005d 0B       		.uleb128 0xb
 1456 005e 49       		.uleb128 0x49
 1457 005f 13       		.uleb128 0x13
 1458 0060 38       		.uleb128 0x38
 1459 0061 0B       		.uleb128 0xb
 1460 0062 00       		.byte	0
 1461 0063 00       		.byte	0
 1462 0064 09       		.uleb128 0x9
 1463 0065 0D       		.uleb128 0xd
 1464 0066 00       		.byte	0
 1465 0067 03       		.uleb128 0x3
 1466 0068 08       		.uleb128 0x8
 1467 0069 3A       		.uleb128 0x3a
 1468 006a 0B       		.uleb128 0xb
 1469 006b 3B       		.uleb128 0x3b
 1470 006c 0B       		.uleb128 0xb
 1471 006d 39       		.uleb128 0x39
 1472 006e 0B       		.uleb128 0xb
 1473 006f 49       		.uleb128 0x49
 1474 0070 13       		.uleb128 0x13
 1475 0071 38       		.uleb128 0x38
 1476 0072 0B       		.uleb128 0xb
 1477 0073 00       		.byte	0
 1478 0074 00       		.byte	0
 1479 0075 0A       		.uleb128 0xa
 1480 0076 0D       		.uleb128 0xd
 1481 0077 00       		.byte	0
 1482 0078 03       		.uleb128 0x3
ARM GAS  /tmp/ccDFtfkD.s 			page 27


 1483 0079 08       		.uleb128 0x8
 1484 007a 3A       		.uleb128 0x3a
 1485 007b 0B       		.uleb128 0xb
 1486 007c 3B       		.uleb128 0x3b
 1487 007d 05       		.uleb128 0x5
 1488 007e 39       		.uleb128 0x39
 1489 007f 0B       		.uleb128 0xb
 1490 0080 49       		.uleb128 0x49
 1491 0081 13       		.uleb128 0x13
 1492 0082 38       		.uleb128 0x38
 1493 0083 0B       		.uleb128 0xb
 1494 0084 00       		.byte	0
 1495 0085 00       		.byte	0
 1496 0086 0B       		.uleb128 0xb
 1497 0087 0D       		.uleb128 0xd
 1498 0088 00       		.byte	0
 1499 0089 03       		.uleb128 0x3
 1500 008a 0E       		.uleb128 0xe
 1501 008b 3A       		.uleb128 0x3a
 1502 008c 0B       		.uleb128 0xb
 1503 008d 3B       		.uleb128 0x3b
 1504 008e 05       		.uleb128 0x5
 1505 008f 39       		.uleb128 0x39
 1506 0090 0B       		.uleb128 0xb
 1507 0091 49       		.uleb128 0x49
 1508 0092 13       		.uleb128 0x13
 1509 0093 38       		.uleb128 0x38
 1510 0094 0B       		.uleb128 0xb
 1511 0095 00       		.byte	0
 1512 0096 00       		.byte	0
 1513 0097 0C       		.uleb128 0xc
 1514 0098 0F       		.uleb128 0xf
 1515 0099 00       		.byte	0
 1516 009a 0B       		.uleb128 0xb
 1517 009b 0B       		.uleb128 0xb
 1518 009c 49       		.uleb128 0x49
 1519 009d 13       		.uleb128 0x13
 1520 009e 00       		.byte	0
 1521 009f 00       		.byte	0
 1522 00a0 0D       		.uleb128 0xd
 1523 00a1 13       		.uleb128 0x13
 1524 00a2 01       		.byte	0x1
 1525 00a3 03       		.uleb128 0x3
 1526 00a4 0E       		.uleb128 0xe
 1527 00a5 0B       		.uleb128 0xb
 1528 00a6 0B       		.uleb128 0xb
 1529 00a7 3A       		.uleb128 0x3a
 1530 00a8 0B       		.uleb128 0xb
 1531 00a9 3B       		.uleb128 0x3b
 1532 00aa 05       		.uleb128 0x5
 1533 00ab 39       		.uleb128 0x39
 1534 00ac 0B       		.uleb128 0xb
 1535 00ad 01       		.uleb128 0x1
 1536 00ae 13       		.uleb128 0x13
 1537 00af 00       		.byte	0
 1538 00b0 00       		.byte	0
 1539 00b1 0E       		.uleb128 0xe
ARM GAS  /tmp/ccDFtfkD.s 			page 28


 1540 00b2 15       		.uleb128 0x15
 1541 00b3 01       		.byte	0x1
 1542 00b4 27       		.uleb128 0x27
 1543 00b5 19       		.uleb128 0x19
 1544 00b6 01       		.uleb128 0x1
 1545 00b7 13       		.uleb128 0x13
 1546 00b8 00       		.byte	0
 1547 00b9 00       		.byte	0
 1548 00ba 0F       		.uleb128 0xf
 1549 00bb 05       		.uleb128 0x5
 1550 00bc 00       		.byte	0
 1551 00bd 49       		.uleb128 0x49
 1552 00be 13       		.uleb128 0x13
 1553 00bf 00       		.byte	0
 1554 00c0 00       		.byte	0
 1555 00c1 10       		.uleb128 0x10
 1556 00c2 0F       		.uleb128 0xf
 1557 00c3 00       		.byte	0
 1558 00c4 0B       		.uleb128 0xb
 1559 00c5 0B       		.uleb128 0xb
 1560 00c6 00       		.byte	0
 1561 00c7 00       		.byte	0
 1562 00c8 11       		.uleb128 0x11
 1563 00c9 34       		.uleb128 0x34
 1564 00ca 00       		.byte	0
 1565 00cb 03       		.uleb128 0x3
 1566 00cc 0E       		.uleb128 0xe
 1567 00cd 3A       		.uleb128 0x3a
 1568 00ce 0B       		.uleb128 0xb
 1569 00cf 3B       		.uleb128 0x3b
 1570 00d0 05       		.uleb128 0x5
 1571 00d1 39       		.uleb128 0x39
 1572 00d2 0B       		.uleb128 0xb
 1573 00d3 49       		.uleb128 0x49
 1574 00d4 13       		.uleb128 0x13
 1575 00d5 3F       		.uleb128 0x3f
 1576 00d6 19       		.uleb128 0x19
 1577 00d7 3C       		.uleb128 0x3c
 1578 00d8 19       		.uleb128 0x19
 1579 00d9 00       		.byte	0
 1580 00da 00       		.byte	0
 1581 00db 12       		.uleb128 0x12
 1582 00dc 34       		.uleb128 0x34
 1583 00dd 00       		.byte	0
 1584 00de 03       		.uleb128 0x3
 1585 00df 0E       		.uleb128 0xe
 1586 00e0 3A       		.uleb128 0x3a
 1587 00e1 0B       		.uleb128 0xb
 1588 00e2 3B       		.uleb128 0x3b
 1589 00e3 0B       		.uleb128 0xb
 1590 00e4 39       		.uleb128 0x39
 1591 00e5 0B       		.uleb128 0xb
 1592 00e6 49       		.uleb128 0x49
 1593 00e7 13       		.uleb128 0x13
 1594 00e8 3F       		.uleb128 0x3f
 1595 00e9 19       		.uleb128 0x19
 1596 00ea 3C       		.uleb128 0x3c
ARM GAS  /tmp/ccDFtfkD.s 			page 29


 1597 00eb 19       		.uleb128 0x19
 1598 00ec 00       		.byte	0
 1599 00ed 00       		.byte	0
 1600 00ee 13       		.uleb128 0x13
 1601 00ef 01       		.uleb128 0x1
 1602 00f0 01       		.byte	0x1
 1603 00f1 49       		.uleb128 0x49
 1604 00f2 13       		.uleb128 0x13
 1605 00f3 01       		.uleb128 0x1
 1606 00f4 13       		.uleb128 0x13
 1607 00f5 00       		.byte	0
 1608 00f6 00       		.byte	0
 1609 00f7 14       		.uleb128 0x14
 1610 00f8 21       		.uleb128 0x21
 1611 00f9 00       		.byte	0
 1612 00fa 49       		.uleb128 0x49
 1613 00fb 13       		.uleb128 0x13
 1614 00fc 2F       		.uleb128 0x2f
 1615 00fd 0B       		.uleb128 0xb
 1616 00fe 00       		.byte	0
 1617 00ff 00       		.byte	0
 1618 0100 15       		.uleb128 0x15
 1619 0101 17       		.uleb128 0x17
 1620 0102 01       		.byte	0x1
 1621 0103 0B       		.uleb128 0xb
 1622 0104 0B       		.uleb128 0xb
 1623 0105 3A       		.uleb128 0x3a
 1624 0106 0B       		.uleb128 0xb
 1625 0107 3B       		.uleb128 0x3b
 1626 0108 0B       		.uleb128 0xb
 1627 0109 39       		.uleb128 0x39
 1628 010a 0B       		.uleb128 0xb
 1629 010b 01       		.uleb128 0x1
 1630 010c 13       		.uleb128 0x13
 1631 010d 00       		.byte	0
 1632 010e 00       		.byte	0
 1633 010f 16       		.uleb128 0x16
 1634 0110 0D       		.uleb128 0xd
 1635 0111 00       		.byte	0
 1636 0112 03       		.uleb128 0x3
 1637 0113 0E       		.uleb128 0xe
 1638 0114 3A       		.uleb128 0x3a
 1639 0115 0B       		.uleb128 0xb
 1640 0116 3B       		.uleb128 0x3b
 1641 0117 0B       		.uleb128 0xb
 1642 0118 39       		.uleb128 0x39
 1643 0119 0B       		.uleb128 0xb
 1644 011a 49       		.uleb128 0x49
 1645 011b 13       		.uleb128 0x13
 1646 011c 00       		.byte	0
 1647 011d 00       		.byte	0
 1648 011e 17       		.uleb128 0x17
 1649 011f 0D       		.uleb128 0xd
 1650 0120 00       		.byte	0
 1651 0121 03       		.uleb128 0x3
 1652 0122 0E       		.uleb128 0xe
 1653 0123 3A       		.uleb128 0x3a
ARM GAS  /tmp/ccDFtfkD.s 			page 30


 1654 0124 0B       		.uleb128 0xb
 1655 0125 3B       		.uleb128 0x3b
 1656 0126 05       		.uleb128 0x5
 1657 0127 39       		.uleb128 0x39
 1658 0128 0B       		.uleb128 0xb
 1659 0129 49       		.uleb128 0x49
 1660 012a 13       		.uleb128 0x13
 1661 012b 00       		.byte	0
 1662 012c 00       		.byte	0
 1663 012d 18       		.uleb128 0x18
 1664 012e 34       		.uleb128 0x34
 1665 012f 00       		.byte	0
 1666 0130 03       		.uleb128 0x3
 1667 0131 08       		.uleb128 0x8
 1668 0132 3A       		.uleb128 0x3a
 1669 0133 0B       		.uleb128 0xb
 1670 0134 3B       		.uleb128 0x3b
 1671 0135 05       		.uleb128 0x5
 1672 0136 39       		.uleb128 0x39
 1673 0137 0B       		.uleb128 0xb
 1674 0138 49       		.uleb128 0x49
 1675 0139 13       		.uleb128 0x13
 1676 013a 3F       		.uleb128 0x3f
 1677 013b 19       		.uleb128 0x19
 1678 013c 3C       		.uleb128 0x3c
 1679 013d 19       		.uleb128 0x19
 1680 013e 00       		.byte	0
 1681 013f 00       		.byte	0
 1682 0140 19       		.uleb128 0x19
 1683 0141 21       		.uleb128 0x21
 1684 0142 00       		.byte	0
 1685 0143 00       		.byte	0
 1686 0144 00       		.byte	0
 1687 0145 1A       		.uleb128 0x1a
 1688 0146 13       		.uleb128 0x13
 1689 0147 01       		.byte	0x1
 1690 0148 0B       		.uleb128 0xb
 1691 0149 0B       		.uleb128 0xb
 1692 014a 3A       		.uleb128 0x3a
 1693 014b 0B       		.uleb128 0xb
 1694 014c 3B       		.uleb128 0x3b
 1695 014d 0B       		.uleb128 0xb
 1696 014e 39       		.uleb128 0x39
 1697 014f 0B       		.uleb128 0xb
 1698 0150 01       		.uleb128 0x1
 1699 0151 13       		.uleb128 0x13
 1700 0152 00       		.byte	0
 1701 0153 00       		.byte	0
 1702 0154 1B       		.uleb128 0x1b
 1703 0155 15       		.uleb128 0x15
 1704 0156 01       		.byte	0x1
 1705 0157 27       		.uleb128 0x27
 1706 0158 19       		.uleb128 0x19
 1707 0159 49       		.uleb128 0x49
 1708 015a 13       		.uleb128 0x13
 1709 015b 01       		.uleb128 0x1
 1710 015c 13       		.uleb128 0x13
ARM GAS  /tmp/ccDFtfkD.s 			page 31


 1711 015d 00       		.byte	0
 1712 015e 00       		.byte	0
 1713 015f 1C       		.uleb128 0x1c
 1714 0160 16       		.uleb128 0x16
 1715 0161 00       		.byte	0
 1716 0162 03       		.uleb128 0x3
 1717 0163 0E       		.uleb128 0xe
 1718 0164 3A       		.uleb128 0x3a
 1719 0165 0B       		.uleb128 0xb
 1720 0166 3B       		.uleb128 0x3b
 1721 0167 05       		.uleb128 0x5
 1722 0168 39       		.uleb128 0x39
 1723 0169 0B       		.uleb128 0xb
 1724 016a 49       		.uleb128 0x49
 1725 016b 13       		.uleb128 0x13
 1726 016c 00       		.byte	0
 1727 016d 00       		.byte	0
 1728 016e 00       		.byte	0
 1729              		.section	.gnu.debuglto_.debug_line,"",%progbits
 1730              	.Ldebug_line0:
 1731 0000 5D020000 		.4byte	.LELT0-.LSLT0
 1732              	.LSLT0:
 1733 0004 0400     		.2byte	0x4
 1734 0006 57020000 		.4byte	.LELTP0-.LASLTP0
 1735              	.LASLTP0:
 1736 000a 01       		.byte	0x1
 1737 000b 01       		.byte	0x1
 1738 000c 01       		.byte	0x1
 1739 000d F6       		.byte	0xf6
 1740 000e F2       		.byte	0xf2
 1741 000f 0D       		.byte	0xd
 1742 0010 00       		.byte	0
 1743 0011 01       		.byte	0x1
 1744 0012 01       		.byte	0x1
 1745 0013 01       		.byte	0x1
 1746 0014 01       		.byte	0x1
 1747 0015 00       		.byte	0
 1748 0016 00       		.byte	0
 1749 0017 00       		.byte	0
 1750 0018 01       		.byte	0x1
 1751 0019 00       		.byte	0
 1752 001a 00       		.byte	0
 1753 001b 01       		.byte	0x1
 1754 001c 43686962 		.ascii	"ChibiOS/os/common/ext/ARM/CMSIS/Core/Include"
 1754      694F532F 
 1754      6F732F63 
 1754      6F6D6D6F 
 1754      6E2F6578 
 1755 0048 00       		.byte	0
 1756 0049 43686962 		.ascii	"ChibiOS/os/common/ext/ST/STM32F1xx"
 1756      694F532F 
 1756      6F732F63 
 1756      6F6D6D6F 
 1756      6E2F6578 
 1757 006b 00       		.byte	0
 1758 006c 43686962 		.ascii	"ChibiOS/os/common/ports/ARMCMx"
 1758      694F532F 
ARM GAS  /tmp/ccDFtfkD.s 			page 32


 1758      6F732F63 
 1758      6F6D6D6F 
 1758      6E2F706F 
 1759 008a 00       		.byte	0
 1760 008b 43686962 		.ascii	"ChibiOS/os/common/ports/ARMCMx/compilers/GCC"
 1760      694F532F 
 1760      6F732F63 
 1760      6F6D6D6F 
 1760      6E2F706F 
 1761 00b7 00       		.byte	0
 1762 00b8 43686962 		.ascii	"ChibiOS/os/lib/include"
 1762      694F532F 
 1762      6F732F6C 
 1762      69622F69 
 1762      6E636C75 
 1763 00ce 00       		.byte	0
 1764 00cf 43686962 		.ascii	"ChibiOS/os/rt/include"
 1764      694F532F 
 1764      6F732F72 
 1764      742F696E 
 1764      636C7564 
 1765 00e4 00       		.byte	0
 1766 00e5 2F757372 		.ascii	"/usr/arm-none-eabi/include/machine"
 1766      2F61726D 
 1766      2D6E6F6E 
 1766      652D6561 
 1766      62692F69 
 1767 0107 00       		.byte	0
 1768 0108 2F757372 		.ascii	"/usr/arm-none-eabi/include/sys"
 1768      2F61726D 
 1768      2D6E6F6E 
 1768      652D6561 
 1768      62692F69 
 1769 0126 00       		.byte	0
 1770 0127 2F757372 		.ascii	"/usr/lib/gcc/arm-none-eabi/8.2.0/include"
 1770      2F6C6962 
 1770      2F676363 
 1770      2F61726D 
 1770      2D6E6F6E 
 1771 014f 00       		.byte	0
 1772 0150 00       		.byte	0
 1773 0151 73746464 		.ascii	"stddef.h\000"
 1773      65662E68 
 1773      00
 1774 015a 09       		.uleb128 0x9
 1775 015b 00       		.uleb128 0
 1776 015c 00       		.uleb128 0
 1777 015d 5F646566 		.ascii	"_default_types.h\000"
 1777      61756C74 
 1777      5F747970 
 1777      65732E68 
 1777      00
 1778 016e 07       		.uleb128 0x7
 1779 016f 00       		.uleb128 0
 1780 0170 00       		.uleb128 0
 1781 0171 5F737464 		.ascii	"_stdint.h\000"
 1781      696E742E 
ARM GAS  /tmp/ccDFtfkD.s 			page 33


 1781      6800
 1782 017b 08       		.uleb128 0x8
 1783 017c 00       		.uleb128 0
 1784 017d 00       		.uleb128 0
 1785 017e 636F6D70 		.ascii	"compilers/GCC/chtypes.h\000"
 1785      696C6572 
 1785      732F4743 
 1785      432F6368 
 1785      74797065 
 1786 0196 03       		.uleb128 0x3
 1787 0197 00       		.uleb128 0
 1788 0198 00       		.uleb128 0
 1789 0199 63687379 		.ascii	"chsystypes.h\000"
 1789      73747970 
 1789      65732E68 
 1789      00
 1790 01a6 06       		.uleb128 0x6
 1791 01a7 00       		.uleb128 0
 1792 01a8 00       		.uleb128 0
 1793 01a9 63687363 		.ascii	"chschd.h\000"
 1793      68642E68 
 1793      00
 1794 01b2 06       		.uleb128 0x6
 1795 01b3 00       		.uleb128 0
 1796 01b4 00       		.uleb128 0
 1797 01b5 63687469 		.ascii	"chtime.h\000"
 1797      6D652E68 
 1797      00
 1798 01be 06       		.uleb128 0x6
 1799 01bf 00       		.uleb128 0
 1800 01c0 00       		.uleb128 0
 1801 01c1 636F7265 		.ascii	"core_cm3.h\000"
 1801      5F636D33 
 1801      2E6800
 1802 01cc 01       		.uleb128 0x1
 1803 01cd 00       		.uleb128 0
 1804 01ce 00       		.uleb128 0
 1805 01cf 73797374 		.ascii	"system_stm32f1xx.h\000"
 1805      656D5F73 
 1805      746D3332 
 1805      66317878 
 1805      2E6800
 1806 01e2 02       		.uleb128 0x2
 1807 01e3 00       		.uleb128 0
 1808 01e4 00       		.uleb128 0
 1809 01e5 6368636F 		.ascii	"chcore.h\000"
 1809      72652E68 
 1809      00
 1810 01ee 03       		.uleb128 0x3
 1811 01ef 00       		.uleb128 0
 1812 01f0 00       		.uleb128 0
 1813 01f1 6368636F 		.ascii	"chcore_v7m.h\000"
 1813      72655F76 
 1813      376D2E68 
 1813      00
 1814 01fe 03       		.uleb128 0x3
 1815 01ff 00       		.uleb128 0
ARM GAS  /tmp/ccDFtfkD.s 			page 34


 1816 0200 00       		.uleb128 0
 1817 0201 63687365 		.ascii	"chsem.h\000"
 1817      6D2E6800 
 1818 0209 06       		.uleb128 0x6
 1819 020a 00       		.uleb128 0
 1820 020b 00       		.uleb128 0
 1821 020c 63686D74 		.ascii	"chmtx.h\000"
 1821      782E6800 
 1822 0214 06       		.uleb128 0x6
 1823 0215 00       		.uleb128 0
 1824 0216 00       		.uleb128 0
 1825 0217 63687379 		.ascii	"chsys.h\000"
 1825      732E6800 
 1826 021f 06       		.uleb128 0x6
 1827 0220 00       		.uleb128 0
 1828 0221 00       		.uleb128 0
 1829 0222 63687265 		.ascii	"chregistry.h\000"
 1829      67697374 
 1829      72792E68 
 1829      00
 1830 022f 06       		.uleb128 0x6
 1831 0230 00       		.uleb128 0
 1832 0231 00       		.uleb128 0
 1833 0232 63686D65 		.ascii	"chmemcore.h\000"
 1833      6D636F72 
 1833      652E6800 
 1834 023e 05       		.uleb128 0x5
 1835 023f 00       		.uleb128 0
 1836 0240 00       		.uleb128 0
 1837 0241 63686D65 		.ascii	"chmempools.h\000"
 1837      6D706F6F 
 1837      6C732E68 
 1837      00
 1838 024e 05       		.uleb128 0x5
 1839 024f 00       		.uleb128 0
 1840 0250 00       		.uleb128 0
 1841 0251 63686661 		.ascii	"chfactory.h\000"
 1841      63746F72 
 1841      792E6800 
 1842 025d 05       		.uleb128 0x5
 1843 025e 00       		.uleb128 0
 1844 025f 00       		.uleb128 0
 1845 0260 00       		.byte	0
 1846              	.LELTP0:
 1847              	.LELT0:
 1848              		.section	.gnu.debuglto_.debug_str,"MS",%progbits,1
 1849              	.LASF48:
 1850 0000 63685F74 		.ascii	"ch_threads_list\000"
 1850      68726561 
 1850      64735F6C 
 1850      69737400 
 1851              	.LASF100:
 1852 0010 74696D65 		.ascii	"timesize\000"
 1852      73697A65 
 1852      00
 1853              	.LASF75:
 1854 0019 53797374 		.ascii	"SystemCoreClock\000"
ARM GAS  /tmp/ccDFtfkD.s 			page 35


 1854      656D436F 
 1854      7265436C 
 1854      6F636B00 
 1855              	.LASF88:
 1856 0029 77746D74 		.ascii	"wtmtxp\000"
 1856      787000
 1857              	.LASF126:
 1858 0030 6D656D6F 		.ascii	"memory_pool_t\000"
 1858      72795F70 
 1858      6F6F6C5F 
 1858      7400
 1859              	.LASF138:
 1860 003e 6669666F 		.ascii	"fifo_list\000"
 1860      5F6C6973 
 1860      7400
 1861              	.LASF78:
 1862 0048 72656761 		.ascii	"regarm_t\000"
 1862      726D5F74 
 1862      00
 1863              	.LASF130:
 1864 0051 64796E5F 		.ascii	"dyn_list_t\000"
 1864      6C697374 
 1864      5F7400
 1865              	.LASF37:
 1866 005c 666C6167 		.ascii	"flags\000"
 1866      7300
 1867              	.LASF72:
 1868 0062 73797374 		.ascii	"systime_t\000"
 1868      696D655F 
 1868      7400
 1869              	.LASF43:
 1870 006c 7265616C 		.ascii	"realprio\000"
 1870      7072696F 
 1870      00
 1871              	.LASF41:
 1872 0075 6570656E 		.ascii	"epending\000"
 1872      64696E67 
 1872      00
 1873              	.LASF0:
 1874 007e 756E7369 		.ascii	"unsigned int\000"
 1874      676E6564 
 1874      20696E74 
 1874      00
 1875              	.LASF49:
 1876 008b 6E657874 		.ascii	"next\000"
 1876      00
 1877              	.LASF98:
 1878 0090 76657273 		.ascii	"version\000"
 1878      696F6E00 
 1879              	.LASF46:
 1880 0098 74687265 		.ascii	"threads_list_t\000"
 1880      6164735F 
 1880      6C697374 
 1880      5F7400
 1881              	.LASF132:
 1882 00a7 6F626A5F 		.ascii	"obj_list\000"
 1882      6C697374 
ARM GAS  /tmp/ccDFtfkD.s 			page 36


 1882      00
 1883              	.LASF10:
 1884 00b0 5F5F696E 		.ascii	"__int32_t\000"
 1884      7433325F 
 1884      7400
 1885              	.LASF38:
 1886 00ba 72656673 		.ascii	"refs\000"
 1886      00
 1887              	.LASF112:
 1888 00bf 6F66665F 		.ascii	"off_time\000"
 1888      74696D65 
 1888      00
 1889              	.LASF84:
 1890 00c8 77746F62 		.ascii	"wtobjp\000"
 1890      6A7000
 1891              	.LASF70:
 1892 00cf 76746C69 		.ascii	"vtlist\000"
 1892      737400
 1893              	.LASF80:
 1894 00d6 706F7274 		.ascii	"port_context\000"
 1894      5F636F6E 
 1894      74657874 
 1894      00
 1895              	.LASF54:
 1896 00e3 63685F72 		.ascii	"ch_ready_list\000"
 1896      65616479 
 1896      5F6C6973 
 1896      7400
 1897              	.LASF60:
 1898 00f1 66756E63 		.ascii	"func\000"
 1898      00
 1899              	.LASF89:
 1900 00f6 65776D61 		.ascii	"ewmask\000"
 1900      736B00
 1901              	.LASF52:
 1902 00fd 70726576 		.ascii	"prev\000"
 1902      00
 1903              	.LASF51:
 1904 0102 63685F74 		.ascii	"ch_threads_queue\000"
 1904      68726561 
 1904      64735F71 
 1904      75657565 
 1904      00
 1905              	.LASF131:
 1906 0113 63685F6F 		.ascii	"ch_objects_factory\000"
 1906      626A6563 
 1906      74735F66 
 1906      6163746F 
 1906      727900
 1907              	.LASF104:
 1908 0126 6F66665F 		.ascii	"off_newer\000"
 1908      6E657765 
 1908      7200
 1909              	.LASF56:
 1910 0130 76746675 		.ascii	"vtfunc_t\000"
 1910      6E635F74 
 1910      00
ARM GAS  /tmp/ccDFtfkD.s 			page 37


 1911              	.LASF65:
 1912 0139 63685F73 		.ascii	"ch_system_debug\000"
 1912      79737465 
 1912      6D5F6465 
 1912      62756700 
 1913              	.LASF19:
 1914 0149 75696E74 		.ascii	"uint32_t\000"
 1914      33325F74 
 1914      00
 1915              	.LASF86:
 1916 0152 73656E74 		.ascii	"sentmsg\000"
 1916      6D736700 
 1917              	.LASF26:
 1918 015a 6576656E 		.ascii	"eventmask_t\000"
 1918      746D6173 
 1918      6B5F7400 
 1919              	.LASF101:
 1920 0166 74687265 		.ascii	"threadsize\000"
 1920      61647369 
 1920      7A6500
 1921              	.LASF90:
 1922 0171 63685F73 		.ascii	"ch_semaphore\000"
 1922      656D6170 
 1922      686F7265 
 1922      00
 1923              	.LASF24:
 1924 017e 74707269 		.ascii	"tprio_t\000"
 1924      6F5F7400 
 1925              	.LASF58:
 1926 0186 63685F76 		.ascii	"ch_virtual_timer\000"
 1926      69727475 
 1926      616C5F74 
 1926      696D6572 
 1926      00
 1927              	.LASF120:
 1928 0197 6D656D63 		.ascii	"memcore_t\000"
 1928      6F72655F 
 1928      7400
 1929              	.LASF15:
 1930 01a1 6C6F6E67 		.ascii	"long long unsigned int\000"
 1930      206C6F6E 
 1930      6720756E 
 1930      7369676E 
 1930      65642069 
 1931              	.LASF142:
 1932 01b8 474E5520 		.ascii	"GNU C17 8.2.0 -mcpu=cortex-m3 -mthumb -mfloat-abi=s"
 1932      43313720 
 1932      382E322E 
 1932      30202D6D 
 1932      6370753D 
 1933 01eb 6F667420 		.ascii	"oft -march=armv7-m -ggdb -O2 -fomit-frame-pointer -"
 1933      2D6D6172 
 1933      63683D61 
 1933      726D7637 
 1933      2D6D202D 
 1934 021e 66616C69 		.ascii	"falign-functions=16 -ffunction-sections -fdata-sect"
 1934      676E2D66 
ARM GAS  /tmp/ccDFtfkD.s 			page 38


 1934      756E6374 
 1934      696F6E73 
 1934      3D313620 
 1935 0251 696F6E73 		.ascii	"ions -fno-common -flto\000"
 1935      202D666E 
 1935      6F2D636F 
 1935      6D6D6F6E 
 1935      202D666C 
 1936              	.LASF8:
 1937 0268 5F5F7569 		.ascii	"__uint16_t\000"
 1937      6E743136 
 1937      5F7400
 1938              	.LASF27:
 1939 0273 636E745F 		.ascii	"cnt_t\000"
 1939      7400
 1940              	.LASF107:
 1941 0279 6F66665F 		.ascii	"off_stklimit\000"
 1941      73746B6C 
 1941      696D6974 
 1941      00
 1942              	.LASF92:
 1943 0286 6F776E65 		.ascii	"owner\000"
 1943      7200
 1944              	.LASF50:
 1945 028c 74687265 		.ascii	"threads_queue_t\000"
 1945      6164735F 
 1945      71756575 
 1945      655F7400 
 1946              	.LASF42:
 1947 029c 6D74786C 		.ascii	"mtxlist\000"
 1947      69737400 
 1948              	.LASF62:
 1949 02a4 63685F76 		.ascii	"ch_virtual_timers_list\000"
 1949      69727475 
 1949      616C5F74 
 1949      696D6572 
 1949      735F6C69 
 1950              	.LASF29:
 1951 02bb 74687265 		.ascii	"thread_t\000"
 1951      61645F74 
 1951      00
 1952              	.LASF105:
 1953 02c4 6F66665F 		.ascii	"off_older\000"
 1953      6F6C6465 
 1953      7200
 1954              	.LASF108:
 1955 02ce 6F66665F 		.ascii	"off_state\000"
 1955      73746174 
 1955      6500
 1956              	.LASF4:
 1957 02d8 73697A65 		.ascii	"size_t\000"
 1957      5F7400
 1958              	.LASF82:
 1959 02df 7264796D 		.ascii	"rdymsg\000"
 1959      736700
 1960              	.LASF123:
 1961 02e6 6F626A65 		.ascii	"object_size\000"
ARM GAS  /tmp/ccDFtfkD.s 			page 39


 1961      63745F73 
 1961      697A6500 
 1962              	.LASF116:
 1963 02f2 5F426F6F 		.ascii	"_Bool\000"
 1963      6C00
 1964              	.LASF140:
 1965 02f8 6F626A65 		.ascii	"objects_factory_t\000"
 1965      6374735F 
 1965      66616374 
 1965      6F72795F 
 1965      7400
 1966              	.LASF91:
 1967 030a 63685F6D 		.ascii	"ch_mutex\000"
 1967      75746578 
 1967      00
 1968              	.LASF14:
 1969 0313 5F5F7569 		.ascii	"__uint64_t\000"
 1969      6E743634 
 1969      5F7400
 1970              	.LASF77:
 1971 031e 41504250 		.ascii	"APBPrescTable\000"
 1971      72657363 
 1971      5461626C 
 1971      6500
 1972              	.LASF139:
 1973 032c 70697065 		.ascii	"pipe_list\000"
 1973      5F6C6973 
 1973      7400
 1974              	.LASF103:
 1975 0336 6F66665F 		.ascii	"off_ctx\000"
 1975      63747800 
 1976              	.LASF109:
 1977 033e 6F66665F 		.ascii	"off_flags\000"
 1977      666C6167 
 1977      7300
 1978              	.LASF31:
 1979 0348 7072696F 		.ascii	"prio\000"
 1979      00
 1980              	.LASF136:
 1981 034d 73656D5F 		.ascii	"sem_pool\000"
 1981      706F6F6C 
 1981      00
 1982              	.LASF93:
 1983 0356 63686172 		.ascii	"char\000"
 1983      00
 1984              	.LASF45:
 1985 035b 74687265 		.ascii	"thread_reference_t\000"
 1985      61645F72 
 1985      65666572 
 1985      656E6365 
 1985      5F7400
 1986              	.LASF35:
 1987 036e 77616261 		.ascii	"wabase\000"
 1987      736500
 1988              	.LASF94:
 1989 0375 63685F69 		.ascii	"ch_idle_thread_wa\000"
 1989      646C655F 
ARM GAS  /tmp/ccDFtfkD.s 			page 40


 1989      74687265 
 1989      61645F77 
 1989      6100
 1990              	.LASF22:
 1991 0387 74737461 		.ascii	"tstate_t\000"
 1991      74655F74 
 1991      00
 1992              	.LASF16:
 1993 0390 75696E74 		.ascii	"uint8_t\000"
 1993      385F7400 
 1994              	.LASF127:
 1995 0398 63685F64 		.ascii	"ch_dyn_element\000"
 1995      796E5F65 
 1995      6C656D65 
 1995      6E7400
 1996              	.LASF40:
 1997 03a7 6D736771 		.ascii	"msgqueue\000"
 1997      75657565 
 1997      00
 1998              	.LASF47:
 1999 03b0 63685F74 		.ascii	"ch_thread\000"
 1999      68726561 
 1999      6400
 2000              	.LASF129:
 2001 03ba 63685F64 		.ascii	"ch_dyn_list\000"
 2001      796E5F6C 
 2001      69737400 
 2002              	.LASF106:
 2003 03c6 6F66665F 		.ascii	"off_name\000"
 2003      6E616D65 
 2003      00
 2004              	.LASF64:
 2005 03cf 73797374 		.ascii	"system_debug_t\000"
 2005      656D5F64 
 2005      65627567 
 2005      5F7400
 2006              	.LASF1:
 2007 03de 6C6F6E67 		.ascii	"long long int\000"
 2007      206C6F6E 
 2007      6720696E 
 2007      7400
 2008              	.LASF96:
 2009 03ec 7A65726F 		.ascii	"zero\000"
 2009      00
 2010              	.LASF25:
 2011 03f1 6D73675F 		.ascii	"msg_t\000"
 2011      7400
 2012              	.LASF133:
 2013 03f7 6F626A5F 		.ascii	"obj_pool\000"
 2013      706F6F6C 
 2013      00
 2014              	.LASF143:
 2015 0400 2E2F4368 		.ascii	"./ChibiOS/os/hal/osal/rt/osal.c\000"
 2015      6962694F 
 2015      532F6F73 
 2015      2F68616C 
 2015      2F6F7361 
ARM GAS  /tmp/ccDFtfkD.s 			page 41


 2016              	.LASF97:
 2017 0420 73697A65 		.ascii	"size\000"
 2017      00
 2018              	.LASF99:
 2019 0425 70747273 		.ascii	"ptrsize\000"
 2019      697A6500 
 2020              	.LASF76:
 2021 042d 41484250 		.ascii	"AHBPrescTable\000"
 2021      72657363 
 2021      5461626C 
 2021      6500
 2022              	.LASF73:
 2023 043b 73797369 		.ascii	"sysinterval_t\000"
 2023      6E746572 
 2023      76616C5F 
 2023      7400
 2024              	.LASF134:
 2025 0449 6275665F 		.ascii	"buf_list\000"
 2025      6C697374 
 2025      00
 2026              	.LASF66:
 2027 0452 70616E69 		.ascii	"panic_msg\000"
 2027      635F6D73 
 2027      6700
 2028              	.LASF21:
 2029 045c 746D6F64 		.ascii	"tmode_t\000"
 2029      655F7400 
 2030              	.LASF28:
 2031 0464 75636E74 		.ascii	"ucnt_t\000"
 2031      5F7400
 2032              	.LASF71:
 2033 046b 6D61696E 		.ascii	"mainthread\000"
 2033      74687265 
 2033      616400
 2034              	.LASF2:
 2035 0476 6C6F6E67 		.ascii	"long double\000"
 2035      20646F75 
 2035      626C6500 
 2036              	.LASF17:
 2037 0482 75696E74 		.ascii	"uint16_t\000"
 2037      31365F74 
 2037      00
 2038              	.LASF113:
 2039 048b 63686465 		.ascii	"chdebug_t\000"
 2039      6275675F 
 2039      7400
 2040              	.LASF102:
 2041 0495 6F66665F 		.ascii	"off_prio\000"
 2041      7072696F 
 2041      00
 2042              	.LASF121:
 2043 049e 63685F6D 		.ascii	"ch_memcore\000"
 2043      656D636F 
 2043      726500
 2044              	.LASF7:
 2045 04a9 73686F72 		.ascii	"short int\000"
 2045      7420696E 
ARM GAS  /tmp/ccDFtfkD.s 			page 42


 2045      7400
 2046              	.LASF11:
 2047 04b3 6C6F6E67 		.ascii	"long int\000"
 2047      20696E74 
 2047      00
 2048              	.LASF81:
 2049 04bc 706F7274 		.ascii	"port_intctx\000"
 2049      5F696E74 
 2049      63747800 
 2050              	.LASF74:
 2051 04c8 49544D5F 		.ascii	"ITM_RxBuffer\000"
 2051      52784275 
 2051      66666572 
 2051      00
 2052              	.LASF141:
 2053 04d5 63685F66 		.ascii	"ch_factory\000"
 2053      6163746F 
 2053      727900
 2054              	.LASF68:
 2055 04e0 63685F73 		.ascii	"ch_system\000"
 2055      79737465 
 2055      6D00
 2056              	.LASF125:
 2057 04ea 70726F76 		.ascii	"provider\000"
 2057      69646572 
 2057      00
 2058              	.LASF63:
 2059 04f3 6C617374 		.ascii	"lasttime\000"
 2059      74696D65 
 2059      00
 2060              	.LASF20:
 2061 04fc 75696E74 		.ascii	"uint64_t\000"
 2061      36345F74 
 2061      00
 2062              	.LASF69:
 2063 0505 726C6973 		.ascii	"rlist\000"
 2063      7400
 2064              	.LASF144:
 2065 050b 2F686F6D 		.ascii	"/home/a-h/workspace/welding/feeder_chibios/\000"
 2065      652F612D 
 2065      682F776F 
 2065      726B7370 
 2065      6163652F 
 2066              	.LASF5:
 2067 0537 5F5F7569 		.ascii	"__uint8_t\000"
 2067      6E74385F 
 2067      7400
 2068              	.LASF117:
 2069 0541 6D656D67 		.ascii	"memgetfunc_t\000"
 2069      65746675 
 2069      6E635F74 
 2069      00
 2070              	.LASF34:
 2071 054e 6E616D65 		.ascii	"name\000"
 2071      00
 2072              	.LASF95:
 2073 0553 6964656E 		.ascii	"identifier\000"
ARM GAS  /tmp/ccDFtfkD.s 			page 43


 2073      74696669 
 2073      657200
 2074              	.LASF111:
 2075 055e 6F66665F 		.ascii	"off_preempt\000"
 2075      70726565 
 2075      6D707400 
 2076              	.LASF23:
 2077 056a 74726566 		.ascii	"trefs_t\000"
 2077      735F7400 
 2078              	.LASF13:
 2079 0572 6C6F6E67 		.ascii	"long unsigned int\000"
 2079      20756E73 
 2079      69676E65 
 2079      6420696E 
 2079      7400
 2080              	.LASF53:
 2081 0584 72656164 		.ascii	"ready_list_t\000"
 2081      795F6C69 
 2081      73745F74 
 2081      00
 2082              	.LASF30:
 2083 0591 71756575 		.ascii	"queue\000"
 2083      6500
 2084              	.LASF18:
 2085 0597 696E7433 		.ascii	"int32_t\000"
 2085      325F7400 
 2086              	.LASF87:
 2087 059f 77747365 		.ascii	"wtsemp\000"
 2087      6D7000
 2088              	.LASF115:
 2089 05a6 6D757465 		.ascii	"mutex_t\000"
 2089      785F7400 
 2090              	.LASF32:
 2091 05ae 6E657765 		.ascii	"newer\000"
 2091      7200
 2092              	.LASF6:
 2093 05b4 756E7369 		.ascii	"unsigned char\000"
 2093      676E6564 
 2093      20636861 
 2093      7200
 2094              	.LASF12:
 2095 05c2 5F5F7569 		.ascii	"__uint32_t\000"
 2095      6E743332 
 2095      5F7400
 2096              	.LASF39:
 2097 05cd 77616974 		.ascii	"waiting\000"
 2097      696E6700 
 2098              	.LASF61:
 2099 05d5 76697274 		.ascii	"virtual_timers_list_t\000"
 2099      75616C5F 
 2099      74696D65 
 2099      72735F6C 
 2099      6973745F 
 2100              	.LASF128:
 2101 05eb 64796E5F 		.ascii	"dyn_element_t\000"
 2101      656C656D 
 2101      656E745F 
ARM GAS  /tmp/ccDFtfkD.s 			page 44


 2101      7400
 2102              	.LASF137:
 2103 05f9 6D62785F 		.ascii	"mbx_list\000"
 2103      6C697374 
 2103      00
 2104              	.LASF36:
 2105 0602 73746174 		.ascii	"state\000"
 2105      6500
 2106              	.LASF122:
 2107 0608 706F6F6C 		.ascii	"pool_header\000"
 2107      5F686561 
 2107      64657200 
 2108              	.LASF67:
 2109 0614 63685F73 		.ascii	"ch_system_t\000"
 2109      79737465 
 2109      6D5F7400 
 2110              	.LASF85:
 2111 0620 77747472 		.ascii	"wttrp\000"
 2111      7000
 2112              	.LASF3:
 2113 0626 7369676E 		.ascii	"signed char\000"
 2113      65642063 
 2113      68617200 
 2114              	.LASF59:
 2115 0632 64656C74 		.ascii	"delta\000"
 2115      6100
 2116              	.LASF9:
 2117 0638 73686F72 		.ascii	"short unsigned int\000"
 2117      7420756E 
 2117      7369676E 
 2117      65642069 
 2117      6E7400
 2118              	.LASF79:
 2119 064b 73746B61 		.ascii	"stkalign_t\000"
 2119      6C69676E 
 2119      5F7400
 2120              	.LASF110:
 2121 0656 6F66665F 		.ascii	"off_refs\000"
 2121      72656673 
 2121      00
 2122              	.LASF119:
 2123 065f 656E646D 		.ascii	"endmem\000"
 2123      656D00
 2124              	.LASF55:
 2125 0666 63757272 		.ascii	"current\000"
 2125      656E7400 
 2126              	.LASF114:
 2127 066e 63685F64 		.ascii	"ch_debug\000"
 2127      65627567 
 2127      00
 2128              	.LASF57:
 2129 0677 76697274 		.ascii	"virtual_timer_t\000"
 2129      75616C5F 
 2129      74696D65 
 2129      725F7400 
 2130              	.LASF124:
 2131 0687 616C6967 		.ascii	"align\000"
ARM GAS  /tmp/ccDFtfkD.s 			page 45


 2131      6E00
 2132              	.LASF33:
 2133 068d 6F6C6465 		.ascii	"older\000"
 2133      7200
 2134              	.LASF118:
 2135 0693 6E657874 		.ascii	"nextmem\000"
 2135      6D656D00 
 2136              	.LASF83:
 2137 069b 65786974 		.ascii	"exitcode\000"
 2137      636F6465 
 2137      00
 2138              	.LASF135:
 2139 06a4 73656D5F 		.ascii	"sem_list\000"
 2139      6C697374 
 2139      00
 2140              	.LASF44:
 2141 06ad 6D706F6F 		.ascii	"mpool\000"
 2141      6C00
 2142              		.text
 2143              		.section	.gnu.lto_.profile.347269f33d409d2c,"",%progbits
 2144 0000 789C6367 		.ascii	"x\234cg```\004b\006\000\000M\000\011"
 2144      60606004 
 2144      62060000 
 2144      4D0009
 2145              		.text
 2146              		.section	.gnu.lto_.icf.347269f33d409d2c,"",%progbits
 2147 0000 789C6367 		.ascii	"x\234cg```b@\006\000\000\254\000\012"
 2147      60606062 
 2147      40060000 
 2147      AC000A
 2148              		.text
 2149              		.section	.gnu.lto_.jmpfuncs.347269f33d409d2c,"",%progbits
 2150 0000 789C6367 		.ascii	"x\234cg```b@\006\000\000\254\000\012"
 2150      60606062 
 2150      40060000 
 2150      AC000A
 2151              		.text
 2152              		.section	.gnu.lto_.inline.347269f33d409d2c,"",%progbits
 2153 0000 789C6367 		.ascii	"x\234cg```b@\006\000\000\254\000\012"
 2153      60606062 
 2153      40060000 
 2153      AC000A
 2154              		.text
 2155              		.section	.gnu.lto_.pureconst.347269f33d409d2c,"",%progbits
 2156 0000 789C6367 		.ascii	"x\234cg```\004b\006\000\000M\000\011"
 2156      60606004 
 2156      62060000 
 2156      4D0009
 2157              		.text
 2158              		.section	.gnu.lto_.symbol_nodes.347269f33d409d2c,"",%progbits
 2159 0000 789C6367 		.ascii	"x\234cg```b\000\001\000\000\\\000\012"
 2159      60606062 
 2159      00010000 
 2159      5C000A
 2160              		.text
 2161              		.section	.gnu.lto_.refs.347269f33d409d2c,"",%progbits
 2162 0000 789C6367 		.ascii	"x\234cg```\004b\006\000\000M\000\011"
ARM GAS  /tmp/ccDFtfkD.s 			page 46


 2162      60606004 
 2162      62060000 
 2162      4D0009
 2163              		.text
 2164              		.section	.gnu.lto_.decls.347269f33d409d2c,"",%progbits
 2165 0000 789C6367 		.ascii	"x\234cg\200\000F V\001\342\377@\000b_d \000\000\300"
 2165      80004620 
 2165      5601E2FF 
 2165      4000625F 
 2165      64200000 
 2166 0015 C504FB   		.ascii	"\305\004\373"
 2167              		.text
 2168              		.section	.gnu.lto_.symtab.347269f33d409d2c,"",%progbits
 2169              		.text
 2170              		.section	.gnu.lto_.opts,"",%progbits
 2171 0000 272D666E 		.ascii	"'-fno-openmp' '-fno-openacc' '-mcpu=cortex-m3' '-mt"
 2171      6F2D6F70 
 2171      656E6D70 
 2171      2720272D 
 2171      666E6F2D 
 2172 0033 68756D62 		.ascii	"humb' '-mfloat-abi=soft' '-march=armv7-m' '-O2' '-f"
 2172      2720272D 
 2172      6D666C6F 
 2172      61742D61 
 2172      62693D73 
 2173 0066 6F6D6974 		.ascii	"omit-frame-pointer' '-falign-functions=16' '-ffunct"
 2173      2D667261 
 2173      6D652D70 
 2173      6F696E74 
 2173      65722720 
 2174 0099 696F6E2D 		.ascii	"ion-sections' '-fdata-sections' '-fno-common' '-flt"
 2174      73656374 
 2174      696F6E73 
 2174      2720272D 
 2174      66646174 
 2175 00cc 6F2700   		.ascii	"o'\000"
 2176              		.text
 2177              		.comm	__gnu_lto_v1,1,1
 2178              		.comm	__gnu_lto_slim,1,1
 2179              		.ident	"GCC: (Arch Repository) 8.2.0"
ARM GAS  /tmp/ccDFtfkD.s 			page 47


DEFINED SYMBOLS
                            *ABS*:0000000000000000 osal.c
     /tmp/ccDFtfkD.s:34     .gnu.debuglto_.debug_info:0000000000000000 osal.c.dc74f7ac
                            *COM*:0000000000000001 __gnu_lto_v1
                            *COM*:0000000000000001 __gnu_lto_slim

NO UNDEFINED SYMBOLS
